INFO	[2015-05-24 00:29:50:998] <20372> START INIPHP chkfake (V5034-120709)(OS:Darwin14.3.0,PHP:5.2.17)
DEBUG	[2015-05-24 00:29:50:999] <20372> inipayhome:/Users/noggong/Documents/2.websource/10.hanwoo_mall/www_ng/mall_new/Provider/INIpay50
DEBUG	[2015-05-24 00:29:50:999] <20372> type:chkfake
DEBUG	[2015-05-24 00:29:50:999] <20372> debug:true
DEBUG	[2015-05-24 00:29:50:999] <20372> enctype:asym
DEBUG	[2015-05-24 00:29:50:999] <20372> admin:1111
DEBUG	[2015-05-24 00:29:50:999] <20372> checkopt:false
DEBUG	[2015-05-24 00:29:50:999] <20372> mid:ydghanwoo1
DEBUG	[2015-05-24 00:29:50:999] <20372> price:11500
DEBUG	[2015-05-24 00:29:50:999] <20372> nointerest:no
DEBUG	[2015-05-24 00:29:50:999] <20372> quotabase:선택:00:02:03:04:05:06:07:08:09:10:11:12
INFO	[2015-05-24 00:29:50:999] <20372> Check Field OK
INFO	[2015-05-24 00:29:51:2] <20372> MERCHANT PRIV KEY LOAD OK
INFO	[2015-05-24 00:29:51:3] <20372> MERCHANT PUB KEY LOAD OK []
INFO	[2015-05-24 00:29:51:4] <20372> CHKFAKE KEY MAKE OK:MjAxNTA1MjQwMDI5NTEwMDM0OTA5Ng==

INFO	[2015-05-24 00:29:51:4] <20372> END chkfake  Laptime:[0sec]
INFO	[2015-05-24 00:29:51:4] <20372> ===============================================================
INFO	[2015-05-24 00:30:33:495] <20371> START INIPHP chkfake (V5034-120709)(OS:Darwin14.3.0,PHP:5.2.17)
DEBUG	[2015-05-24 00:30:33:496] <20371> inipayhome:/Users/noggong/Documents/2.websource/10.hanwoo_mall/www_ng/mall_new/Provider/INIpay50
DEBUG	[2015-05-24 00:30:33:496] <20371> type:chkfake
DEBUG	[2015-05-24 00:30:33:496] <20371> debug:true
DEBUG	[2015-05-24 00:30:33:496] <20371> enctype:asym
DEBUG	[2015-05-24 00:30:33:496] <20371> admin:1111
DEBUG	[2015-05-24 00:30:33:496] <20371> checkopt:false
DEBUG	[2015-05-24 00:30:33:496] <20371> mid:ydghanwoo1
DEBUG	[2015-05-24 00:30:33:496] <20371> price:11500
DEBUG	[2015-05-24 00:30:33:496] <20371> nointerest:no
DEBUG	[2015-05-24 00:30:33:496] <20371> quotabase:선택:00:02:03:04:05:06:07:08:09:10:11:12
INFO	[2015-05-24 00:30:33:496] <20371> Check Field OK
INFO	[2015-05-24 00:30:33:497] <20371> MERCHANT PRIV KEY LOAD OK
INFO	[2015-05-24 00:30:33:498] <20371> MERCHANT PUB KEY LOAD OK []
INFO	[2015-05-24 00:30:33:499] <20371> CHKFAKE KEY MAKE OK:MjAxNTA1MjQwMDMwMzM0OTg0NzIxNw==

INFO	[2015-05-24 00:30:33:500] <20371> END chkfake  Laptime:[0sec]
INFO	[2015-05-24 00:30:33:500] <20371> ===============================================================
INFO	[2015-05-24 00:33:23:673] <20324> START INIPHP chkfake (V5034-120709)(OS:Darwin14.3.0,PHP:5.2.17)
DEBUG	[2015-05-24 00:33:23:673] <20324> inipayhome:/Users/noggong/Documents/2.websource/10.hanwoo_mall/www_ng/mall_new/Provider/INIpay50
DEBUG	[2015-05-24 00:33:23:673] <20324> type:chkfake
DEBUG	[2015-05-24 00:33:23:673] <20324> debug:true
DEBUG	[2015-05-24 00:33:23:673] <20324> enctype:asym
DEBUG	[2015-05-24 00:33:23:673] <20324> admin:1111
DEBUG	[2015-05-24 00:33:23:673] <20324> checkopt:false
DEBUG	[2015-05-24 00:33:23:673] <20324> mid:ydghanwoo1
DEBUG	[2015-05-24 00:33:23:673] <20324> price:11500
DEBUG	[2015-05-24 00:33:23:673] <20324> nointerest:no
DEBUG	[2015-05-24 00:33:23:673] <20324> quotabase:선택:00:02:03:04:05:06:07:08:09:10:11:12
INFO	[2015-05-24 00:33:23:673] <20324> Check Field OK
INFO	[2015-05-24 00:33:23:674] <20324> MERCHANT PRIV KEY LOAD OK
INFO	[2015-05-24 00:33:23:674] <20324> MERCHANT PUB KEY LOAD OK []
INFO	[2015-05-24 00:33:23:675] <20324> CHKFAKE KEY MAKE OK:MjAxNTA1MjQwMDMzMjM2NzQ4NTMzMA==

INFO	[2015-05-24 00:33:23:675] <20324> END chkfake  Laptime:[0.01sec]
INFO	[2015-05-24 00:33:23:675] <20324> ===============================================================
INFO	[2015-05-24 00:33:47:948] <20325> START INIPHP chkfake (V5034-120709)(OS:Darwin14.3.0,PHP:5.2.17)
DEBUG	[2015-05-24 00:33:47:948] <20325> inipayhome:/Users/noggong/Documents/2.websource/10.hanwoo_mall/www_ng/mall_new/Provider/INIpay50
DEBUG	[2015-05-24 00:33:47:948] <20325> type:chkfake
DEBUG	[2015-05-24 00:33:47:948] <20325> debug:true
DEBUG	[2015-05-24 00:33:47:948] <20325> enctype:asym
DEBUG	[2015-05-24 00:33:47:948] <20325> admin:1111
DEBUG	[2015-05-24 00:33:47:948] <20325> checkopt:false
DEBUG	[2015-05-24 00:33:47:948] <20325> mid:ydghanwoo1
DEBUG	[2015-05-24 00:33:47:948] <20325> price:11500
DEBUG	[2015-05-24 00:33:47:948] <20325> nointerest:no
DEBUG	[2015-05-24 00:33:47:948] <20325> quotabase:선택:00:02:03:04:05:06:07:08:09:10:11:12
INFO	[2015-05-24 00:33:47:948] <20325> Check Field OK
INFO	[2015-05-24 00:33:47:948] <20325> MERCHANT PRIV KEY LOAD OK
INFO	[2015-05-24 00:33:47:949] <20325> MERCHANT PUB KEY LOAD OK []
INFO	[2015-05-24 00:33:47:950] <20325> CHKFAKE KEY MAKE OK:MjAxNTA1MjQwMDMzNDc5NDkxMTI1MQ==

INFO	[2015-05-24 00:33:47:950] <20325> END chkfake  Laptime:[0sec]
INFO	[2015-05-24 00:33:47:950] <20325> ===============================================================
INFO	[2015-05-24 00:34:41:913] <20312> START INIPHP chkfake (V5034-120709)(OS:Darwin14.3.0,PHP:5.2.17)
DEBUG	[2015-05-24 00:34:41:913] <20312> inipayhome:/Users/noggong/Documents/2.websource/10.hanwoo_mall/www_ng/mall_new/Provider/INIpay50
DEBUG	[2015-05-24 00:34:41:913] <20312> type:chkfake
DEBUG	[2015-05-24 00:34:41:913] <20312> debug:true
DEBUG	[2015-05-24 00:34:41:913] <20312> enctype:asym
DEBUG	[2015-05-24 00:34:41:913] <20312> admin:1111
DEBUG	[2015-05-24 00:34:41:913] <20312> checkopt:false
DEBUG	[2015-05-24 00:34:41:913] <20312> mid:ydghanwoo1
DEBUG	[2015-05-24 00:34:41:913] <20312> price:11500
DEBUG	[2015-05-24 00:34:41:913] <20312> nointerest:no
DEBUG	[2015-05-24 00:34:41:913] <20312> quotabase:선택:00:02:03:04:05:06:07:08:09:10:11:12
INFO	[2015-05-24 00:34:41:913] <20312> Check Field OK
INFO	[2015-05-24 00:34:41:913] <20312> MERCHANT PRIV KEY LOAD OK
INFO	[2015-05-24 00:34:41:914] <20312> MERCHANT PUB KEY LOAD OK []
INFO	[2015-05-24 00:34:41:915] <20312> CHKFAKE KEY MAKE OK:MjAxNTA1MjQwMDM0NDE5MTQ2NTAzMw==

INFO	[2015-05-24 00:34:41:915] <20312> END chkfake  Laptime:[0.01sec]
INFO	[2015-05-24 00:34:41:915] <20312> ===============================================================
INFO	[2015-05-24 00:36:50:532] <20243> START INIPHP chkfake (V5034-120709)(OS:Darwin14.3.0,PHP:5.2.17)
DEBUG	[2015-05-24 00:36:50:532] <20243> inipayhome:/Users/noggong/Documents/2.websource/10.hanwoo_mall/www_ng/mall_new/Provider/INIpay50
DEBUG	[2015-05-24 00:36:50:532] <20243> type:chkfake
DEBUG	[2015-05-24 00:36:50:532] <20243> debug:true
DEBUG	[2015-05-24 00:36:50:532] <20243> enctype:asym
DEBUG	[2015-05-24 00:36:50:532] <20243> admin:1111
DEBUG	[2015-05-24 00:36:50:532] <20243> checkopt:false
DEBUG	[2015-05-24 00:36:50:532] <20243> mid:ydghanwoo1
DEBUG	[2015-05-24 00:36:50:532] <20243> price:11500
DEBUG	[2015-05-24 00:36:50:532] <20243> nointerest:no
DEBUG	[2015-05-24 00:36:50:532] <20243> quotabase:선택:00:02:03:04:05:06:07:08:09:10:11:12
INFO	[2015-05-24 00:36:50:532] <20243> Check Field OK
INFO	[2015-05-24 00:36:50:533] <20243> MERCHANT PRIV KEY LOAD OK
INFO	[2015-05-24 00:36:50:533] <20243> MERCHANT PUB KEY LOAD OK []
INFO	[2015-05-24 00:36:50:534] <20243> CHKFAKE KEY MAKE OK:MjAxNTA1MjQwMDM2NTA1MzMzNDU5OQ==

INFO	[2015-05-24 00:36:50:535] <20243> END chkfake  Laptime:[0.01sec]
INFO	[2015-05-24 00:36:50:535] <20243> ===============================================================
INFO	[2015-05-24 00:37:56:885] <20301> START INIPHP chkfake (V5034-120709)(OS:Darwin14.3.0,PHP:5.2.17)
DEBUG	[2015-05-24 00:37:56:885] <20301> inipayhome:/Users/noggong/Documents/2.websource/10.hanwoo_mall/www_ng/mall_new/Provider/INIpay50
DEBUG	[2015-05-24 00:37:56:885] <20301> type:chkfake
DEBUG	[2015-05-24 00:37:56:885] <20301> debug:true
DEBUG	[2015-05-24 00:37:56:885] <20301> enctype:asym
DEBUG	[2015-05-24 00:37:56:885] <20301> admin:1111
DEBUG	[2015-05-24 00:37:56:885] <20301> checkopt:false
DEBUG	[2015-05-24 00:37:56:885] <20301> mid:ydghanwoo1
DEBUG	[2015-05-24 00:37:56:885] <20301> price:11500
DEBUG	[2015-05-24 00:37:56:885] <20301> nointerest:no
DEBUG	[2015-05-24 00:37:56:885] <20301> quotabase:선택:00:02:03:04:05:06:07:08:09:10:11:12
INFO	[2015-05-24 00:37:56:885] <20301> Check Field OK
INFO	[2015-05-24 00:37:56:885] <20301> MERCHANT PRIV KEY LOAD OK
INFO	[2015-05-24 00:37:56:886] <20301> MERCHANT PUB KEY LOAD OK []
INFO	[2015-05-24 00:37:56:887] <20301> CHKFAKE KEY MAKE OK:MjAxNTA1MjQwMDM3NTY4ODY2OTc3OQ==

INFO	[2015-05-24 00:37:56:887] <20301> END chkfake  Laptime:[0.01sec]
INFO	[2015-05-24 00:37:56:887] <20301> ===============================================================
INFO	[2015-05-24 00:39:03:412] <20312> START INIPHP chkfake (V5034-120709)(OS:Darwin14.3.0,PHP:5.2.17)
DEBUG	[2015-05-24 00:39:03:412] <20312> inipayhome:/Users/noggong/Documents/2.websource/10.hanwoo_mall/www_ng/mall_new/Provider/INIpay50
DEBUG	[2015-05-24 00:39:03:412] <20312> type:chkfake
DEBUG	[2015-05-24 00:39:03:412] <20312> debug:true
DEBUG	[2015-05-24 00:39:03:412] <20312> enctype:asym
DEBUG	[2015-05-24 00:39:03:412] <20312> admin:1111
DEBUG	[2015-05-24 00:39:03:412] <20312> checkopt:false
DEBUG	[2015-05-24 00:39:03:412] <20312> mid:ydghanwoo1
DEBUG	[2015-05-24 00:39:03:412] <20312> price:11500
DEBUG	[2015-05-24 00:39:03:412] <20312> nointerest:no
DEBUG	[2015-05-24 00:39:03:412] <20312> quotabase:선택:00:02:03:04:05:06:07:08:09:10:11:12
INFO	[2015-05-24 00:39:03:413] <20312> Check Field OK
INFO	[2015-05-24 00:39:03:413] <20312> MERCHANT PRIV KEY LOAD OK
INFO	[2015-05-24 00:39:03:413] <20312> MERCHANT PUB KEY LOAD OK []
INFO	[2015-05-24 00:39:03:414] <20312> CHKFAKE KEY MAKE OK:MjAxNTA1MjQwMDM5MDM0MTM1NTE5NQ==

INFO	[2015-05-24 00:39:03:415] <20312> END chkfake  Laptime:[0.01sec]
INFO	[2015-05-24 00:39:03:415] <20312> ===============================================================
INFO	[2015-05-24 00:39:53:383] <20324> START INIPHP chkfake (V5034-120709)(OS:Darwin14.3.0,PHP:5.2.17)
DEBUG	[2015-05-24 00:39:53:383] <20324> inipayhome:/Users/noggong/Documents/2.websource/10.hanwoo_mall/www_ng/mall_new/Provider/INIpay50
DEBUG	[2015-05-24 00:39:53:383] <20324> type:chkfake
DEBUG	[2015-05-24 00:39:53:383] <20324> debug:true
DEBUG	[2015-05-24 00:39:53:383] <20324> enctype:asym
DEBUG	[2015-05-24 00:39:53:383] <20324> admin:1111
DEBUG	[2015-05-24 00:39:53:383] <20324> checkopt:false
DEBUG	[2015-05-24 00:39:53:383] <20324> mid:ydghanwoo1
DEBUG	[2015-05-24 00:39:53:383] <20324> price:11500
DEBUG	[2015-05-24 00:39:53:383] <20324> nointerest:no
DEBUG	[2015-05-24 00:39:53:383] <20324> quotabase:선택:00:02:03:04:05:06:07:08:09:10:11:12
INFO	[2015-05-24 00:39:53:383] <20324> Check Field OK
INFO	[2015-05-24 00:39:53:384] <20324> MERCHANT PRIV KEY LOAD OK
INFO	[2015-05-24 00:39:53:384] <20324> MERCHANT PUB KEY LOAD OK []
INFO	[2015-05-24 00:39:53:385] <20324> CHKFAKE KEY MAKE OK:MjAxNTA1MjQwMDM5NTMzODQ0NDc0Mg==

INFO	[2015-05-24 00:39:53:386] <20324> END chkfake  Laptime:[0.01sec]
INFO	[2015-05-24 00:39:53:386] <20324> ===============================================================
INFO	[2015-05-24 00:40:32:261] <20243> START INIPHP chkfake (V5034-120709)(OS:Darwin14.3.0,PHP:5.2.17)
DEBUG	[2015-05-24 00:40:32:261] <20243> inipayhome:/Users/noggong/Documents/2.websource/10.hanwoo_mall/www_ng/mall_new/Provider/INIpay50
DEBUG	[2015-05-24 00:40:32:261] <20243> type:chkfake
DEBUG	[2015-05-24 00:40:32:261] <20243> debug:true
DEBUG	[2015-05-24 00:40:32:261] <20243> enctype:asym
DEBUG	[2015-05-24 00:40:32:261] <20243> admin:1111
DEBUG	[2015-05-24 00:40:32:261] <20243> checkopt:false
DEBUG	[2015-05-24 00:40:32:261] <20243> mid:ydghanwoo1
DEBUG	[2015-05-24 00:40:32:261] <20243> price:11500
DEBUG	[2015-05-24 00:40:32:261] <20243> nointerest:no
DEBUG	[2015-05-24 00:40:32:261] <20243> quotabase:선택:00:02:03:04:05:06:07:08:09:10:11:12
INFO	[2015-05-24 00:40:32:261] <20243> Check Field OK
INFO	[2015-05-24 00:40:32:262] <20243> MERCHANT PRIV KEY LOAD OK
INFO	[2015-05-24 00:40:32:262] <20243> MERCHANT PUB KEY LOAD OK []
INFO	[2015-05-24 00:40:32:263] <20243> CHKFAKE KEY MAKE OK:MjAxNTA1MjQwMDQwMzIyNjI3NzQ0MA==

INFO	[2015-05-24 00:40:32:264] <20243> END chkfake  Laptime:[0sec]
INFO	[2015-05-24 00:40:32:264] <20243> ===============================================================
INFO	[2015-05-24 00:41:08:799] <20372> START INIPHP chkfake (V5034-120709)(OS:Darwin14.3.0,PHP:5.2.17)
DEBUG	[2015-05-24 00:41:08:799] <20372> inipayhome:/Users/noggong/Documents/2.websource/10.hanwoo_mall/www_ng/mall_new/Provider/INIpay50
DEBUG	[2015-05-24 00:41:08:799] <20372> type:chkfake
DEBUG	[2015-05-24 00:41:08:799] <20372> debug:true
DEBUG	[2015-05-24 00:41:08:799] <20372> enctype:asym
DEBUG	[2015-05-24 00:41:08:799] <20372> admin:1111
DEBUG	[2015-05-24 00:41:08:799] <20372> checkopt:false
DEBUG	[2015-05-24 00:41:08:799] <20372> mid:ydghanwoo1
DEBUG	[2015-05-24 00:41:08:799] <20372> price:11500
DEBUG	[2015-05-24 00:41:08:799] <20372> nointerest:no
DEBUG	[2015-05-24 00:41:08:799] <20372> quotabase:선택:00:02:03:04:05:06:07:08:09:10:11:12
INFO	[2015-05-24 00:41:08:799] <20372> Check Field OK
INFO	[2015-05-24 00:41:08:799] <20372> MERCHANT PRIV KEY LOAD OK
INFO	[2015-05-24 00:41:08:799] <20372> MERCHANT PUB KEY LOAD OK []
INFO	[2015-05-24 00:41:08:800] <20372> CHKFAKE KEY MAKE OK:MjAxNTA1MjQwMDQxMDg4MDA3NTMyOQ==

INFO	[2015-05-24 00:41:08:801] <20372> END chkfake  Laptime:[0sec]
INFO	[2015-05-24 00:41:08:801] <20372> ===============================================================
INFO	[2015-05-24 00:43:22:240] <20325> START INIPHP chkfake (V5034-120709)(OS:Darwin14.3.0,PHP:5.2.17)
DEBUG	[2015-05-24 00:43:22:240] <20325> inipayhome:/Users/noggong/Documents/2.websource/10.hanwoo_mall/www_ng/mall_new/Provider/INIpay50
DEBUG	[2015-05-24 00:43:22:240] <20325> type:chkfake
DEBUG	[2015-05-24 00:43:22:240] <20325> debug:true
DEBUG	[2015-05-24 00:43:22:240] <20325> enctype:asym
DEBUG	[2015-05-24 00:43:22:240] <20325> admin:1111
DEBUG	[2015-05-24 00:43:22:240] <20325> checkopt:false
DEBUG	[2015-05-24 00:43:22:240] <20325> mid:ydghanwoo1
DEBUG	[2015-05-24 00:43:22:240] <20325> price:11500
DEBUG	[2015-05-24 00:43:22:240] <20325> nointerest:no
DEBUG	[2015-05-24 00:43:22:240] <20325> quotabase:선택:00:02:03:04:05:06:07:08:09:10:11:12
INFO	[2015-05-24 00:43:22:240] <20325> Check Field OK
INFO	[2015-05-24 00:43:22:240] <20325> MERCHANT PRIV KEY LOAD OK
INFO	[2015-05-24 00:43:22:240] <20325> MERCHANT PUB KEY LOAD OK []
INFO	[2015-05-24 00:43:22:241] <20325> CHKFAKE KEY MAKE OK:MjAxNTA1MjQwMDQzMjIyNDA0MTgxMg==

INFO	[2015-05-24 00:43:22:242] <20325> END chkfake  Laptime:[0sec]
INFO	[2015-05-24 00:43:22:242] <20325> ===============================================================
INFO	[2015-05-24 00:43:35:513] <20324> START INIPHP chkfake (V5034-120709)(OS:Darwin14.3.0,PHP:5.2.17)
DEBUG	[2015-05-24 00:43:35:513] <20324> inipayhome:/Users/noggong/Documents/2.websource/10.hanwoo_mall/www_ng/mall_new/Provider/INIpay50
DEBUG	[2015-05-24 00:43:35:513] <20324> type:chkfake
DEBUG	[2015-05-24 00:43:35:513] <20324> debug:true
DEBUG	[2015-05-24 00:43:35:513] <20324> enctype:asym
DEBUG	[2015-05-24 00:43:35:513] <20324> admin:1111
DEBUG	[2015-05-24 00:43:35:513] <20324> checkopt:false
DEBUG	[2015-05-24 00:43:35:513] <20324> mid:ydghanwoo1
DEBUG	[2015-05-24 00:43:35:513] <20324> price:11500
DEBUG	[2015-05-24 00:43:35:513] <20324> nointerest:no
DEBUG	[2015-05-24 00:43:35:513] <20324> quotabase:선택:00:02:03:04:05:06:07:08:09:10:11:12
INFO	[2015-05-24 00:43:35:513] <20324> Check Field OK
INFO	[2015-05-24 00:43:35:513] <20324> MERCHANT PRIV KEY LOAD OK
INFO	[2015-05-24 00:43:35:514] <20324> MERCHANT PUB KEY LOAD OK []
INFO	[2015-05-24 00:43:35:515] <20324> CHKFAKE KEY MAKE OK:MjAxNTA1MjQwMDQzMzU1MTQyMTYyOQ==

INFO	[2015-05-24 00:43:35:516] <20324> END chkfake  Laptime:[0.01sec]
INFO	[2015-05-24 00:43:35:516] <20324> ===============================================================
INFO	[2015-05-24 00:44:04:575] <20243> START INIPHP chkfake (V5034-120709)(OS:Darwin14.3.0,PHP:5.2.17)
DEBUG	[2015-05-24 00:44:04:575] <20243> inipayhome:/Users/noggong/Documents/2.websource/10.hanwoo_mall/www_ng/mall_new/Provider/INIpay50
DEBUG	[2015-05-24 00:44:04:575] <20243> type:chkfake
DEBUG	[2015-05-24 00:44:04:575] <20243> debug:true
DEBUG	[2015-05-24 00:44:04:575] <20243> enctype:asym
DEBUG	[2015-05-24 00:44:04:575] <20243> admin:1111
DEBUG	[2015-05-24 00:44:04:575] <20243> checkopt:false
DEBUG	[2015-05-24 00:44:04:575] <20243> mid:ydghanwoo1
DEBUG	[2015-05-24 00:44:04:575] <20243> price:11500
DEBUG	[2015-05-24 00:44:04:575] <20243> nointerest:no
DEBUG	[2015-05-24 00:44:04:575] <20243> quotabase:선택:00:02:03:04:05:06:07:08:09:10:11:12
INFO	[2015-05-24 00:44:04:576] <20243> Check Field OK
INFO	[2015-05-24 00:44:04:576] <20243> MERCHANT PRIV KEY LOAD OK
INFO	[2015-05-24 00:44:04:576] <20243> MERCHANT PUB KEY LOAD OK []
INFO	[2015-05-24 00:44:04:577] <20243> CHKFAKE KEY MAKE OK:MjAxNTA1MjQwMDQ0MDQ1NzY4NzQ0NA==

INFO	[2015-05-24 00:44:04:577] <20243> END chkfake  Laptime:[0sec]
INFO	[2015-05-24 00:44:04:578] <20243> ===============================================================
INFO	[2015-05-24 00:44:41:331] <20547> START INIPHP chkfake (V5034-120709)(OS:Darwin14.3.0,PHP:5.2.17)
DEBUG	[2015-05-24 00:44:41:331] <20547> inipayhome:/Users/noggong/Documents/2.websource/10.hanwoo_mall/www_ng/mall_new/Provider/INIpay50
DEBUG	[2015-05-24 00:44:41:331] <20547> type:chkfake
DEBUG	[2015-05-24 00:44:41:331] <20547> debug:true
DEBUG	[2015-05-24 00:44:41:331] <20547> enctype:asym
DEBUG	[2015-05-24 00:44:41:331] <20547> admin:1111
DEBUG	[2015-05-24 00:44:41:331] <20547> checkopt:false
DEBUG	[2015-05-24 00:44:41:331] <20547> mid:ydghanwoo1
DEBUG	[2015-05-24 00:44:41:331] <20547> price:11500
DEBUG	[2015-05-24 00:44:41:331] <20547> nointerest:no
DEBUG	[2015-05-24 00:44:41:331] <20547> quotabase:선택:00:02:03:04:05:06:07:08:09:10:11:12
INFO	[2015-05-24 00:44:41:331] <20547> Check Field OK
INFO	[2015-05-24 00:44:41:331] <20547> MERCHANT PRIV KEY LOAD OK
INFO	[2015-05-24 00:44:41:332] <20547> MERCHANT PUB KEY LOAD OK []
INFO	[2015-05-24 00:44:41:333] <20547> CHKFAKE KEY MAKE OK:MjAxNTA1MjQwMDQ0NDEzMzIyOTUwNQ==

INFO	[2015-05-24 00:44:41:333] <20547> END chkfake  Laptime:[0sec]
INFO	[2015-05-24 00:44:41:333] <20547> ===============================================================
INFO	[2015-05-24 00:44:56:590] <20555> START INIPHP chkfake (V5034-120709)(OS:Darwin14.3.0,PHP:5.2.17)
DEBUG	[2015-05-24 00:44:56:590] <20555> inipayhome:/Users/noggong/Documents/2.websource/10.hanwoo_mall/www_ng/mall_new/Provider/INIpay50
DEBUG	[2015-05-24 00:44:56:590] <20555> type:chkfake
DEBUG	[2015-05-24 00:44:56:590] <20555> debug:true
DEBUG	[2015-05-24 00:44:56:590] <20555> enctype:asym
DEBUG	[2015-05-24 00:44:56:590] <20555> admin:1111
DEBUG	[2015-05-24 00:44:56:590] <20555> checkopt:false
DEBUG	[2015-05-24 00:44:56:590] <20555> mid:ydghanwoo1
DEBUG	[2015-05-24 00:44:56:590] <20555> price:11500
DEBUG	[2015-05-24 00:44:56:590] <20555> nointerest:no
DEBUG	[2015-05-24 00:44:56:590] <20555> quotabase:선택:00:02:03:04:05:06:07:08:09:10:11:12
INFO	[2015-05-24 00:44:56:590] <20555> Check Field OK
INFO	[2015-05-24 00:44:56:590] <20555> MERCHANT PRIV KEY LOAD OK
INFO	[2015-05-24 00:44:56:591] <20555> MERCHANT PUB KEY LOAD OK []
INFO	[2015-05-24 00:44:56:592] <20555> CHKFAKE KEY MAKE OK:MjAxNTA1MjQwMDQ0NTY1OTEyMDM4Ng==

INFO	[2015-05-24 00:44:56:592] <20555> END chkfake  Laptime:[0sec]
INFO	[2015-05-24 00:44:56:593] <20555> ===============================================================
INFO	[2015-05-24 00:45:16:395] <20325> START INIPHP chkfake (V5034-120709)(OS:Darwin14.3.0,PHP:5.2.17)
DEBUG	[2015-05-24 00:45:16:395] <20325> inipayhome:/Users/noggong/Documents/2.websource/10.hanwoo_mall/www_ng/mall_new/Provider/INIpay50
DEBUG	[2015-05-24 00:45:16:395] <20325> type:chkfake
DEBUG	[2015-05-24 00:45:16:395] <20325> debug:true
DEBUG	[2015-05-24 00:45:16:395] <20325> enctype:asym
DEBUG	[2015-05-24 00:45:16:395] <20325> admin:1111
DEBUG	[2015-05-24 00:45:16:395] <20325> checkopt:false
DEBUG	[2015-05-24 00:45:16:395] <20325> mid:ydghanwoo1
DEBUG	[2015-05-24 00:45:16:395] <20325> price:11500
DEBUG	[2015-05-24 00:45:16:395] <20325> nointerest:no
DEBUG	[2015-05-24 00:45:16:395] <20325> quotabase:선택:00:02:03:04:05:06:07:08:09:10:11:12
INFO	[2015-05-24 00:45:16:396] <20325> Check Field OK
INFO	[2015-05-24 00:45:16:396] <20325> MERCHANT PRIV KEY LOAD OK
INFO	[2015-05-24 00:45:16:397] <20325> MERCHANT PUB KEY LOAD OK []
INFO	[2015-05-24 00:45:16:399] <20325> CHKFAKE KEY MAKE OK:MjAxNTA1MjQwMDQ1MTYzOTc2OTAyMg==

INFO	[2015-05-24 00:45:16:399] <20325> END chkfake  Laptime:[0.01sec]
INFO	[2015-05-24 00:45:16:399] <20325> ===============================================================
INFO	[2015-05-24 01:21:09:555] <20709> START INIPHP chkfake (V5034-120709)(OS:Darwin14.3.0,PHP:5.2.17)
DEBUG	[2015-05-24 01:21:09:555] <20709> inipayhome:/Users/noggong/Documents/2.websource/10.hanwoo_mall/www_ng/mall_new/Provider/INIpay50
DEBUG	[2015-05-24 01:21:09:555] <20709> type:chkfake
DEBUG	[2015-05-24 01:21:09:555] <20709> debug:true
DEBUG	[2015-05-24 01:21:09:555] <20709> enctype:asym
DEBUG	[2015-05-24 01:21:09:555] <20709> admin:1111
DEBUG	[2015-05-24 01:21:09:555] <20709> checkopt:false
DEBUG	[2015-05-24 01:21:09:555] <20709> mid:ydghanwoo1
DEBUG	[2015-05-24 01:21:09:555] <20709> price:11500
DEBUG	[2015-05-24 01:21:09:555] <20709> nointerest:no
DEBUG	[2015-05-24 01:21:09:555] <20709> quotabase:선택:00:02:03:04:05:06:07:08:09:10:11:12
INFO	[2015-05-24 01:21:09:556] <20709> Check Field OK
INFO	[2015-05-24 01:21:09:557] <20709> MERCHANT PRIV KEY LOAD OK
INFO	[2015-05-24 01:21:09:557] <20709> MERCHANT PUB KEY LOAD OK []
INFO	[2015-05-24 01:21:09:558] <20709> CHKFAKE KEY MAKE OK:MjAxNTA1MjQwMTIxMDk1NTc1OTA2Mg==

INFO	[2015-05-24 01:21:09:558] <20709> END chkfake  Laptime:[0.01sec]
INFO	[2015-05-24 01:21:09:559] <20709> ===============================================================
INFO	[2015-05-24 01:28:08:758] <20724> START INIPHP chkfake (V5034-120709)(OS:Darwin14.3.0,PHP:5.2.17)
DEBUG	[2015-05-24 01:28:08:758] <20724> inipayhome:/Users/noggong/Documents/2.websource/10.hanwoo_mall/www_ng/mall_new/Provider/INIpay50
DEBUG	[2015-05-24 01:28:08:758] <20724> type:chkfake
DEBUG	[2015-05-24 01:28:08:758] <20724> debug:true
DEBUG	[2015-05-24 01:28:08:758] <20724> enctype:asym
DEBUG	[2015-05-24 01:28:08:758] <20724> admin:1111
DEBUG	[2015-05-24 01:28:08:758] <20724> checkopt:false
DEBUG	[2015-05-24 01:28:08:758] <20724> mid:ydghanwoo1
DEBUG	[2015-05-24 01:28:08:758] <20724> price:11500
DEBUG	[2015-05-24 01:28:08:758] <20724> nointerest:no
DEBUG	[2015-05-24 01:28:08:758] <20724> quotabase:선택:00:02:03:04:05:06:07:08:09:10:11:12
INFO	[2015-05-24 01:28:08:759] <20724> Check Field OK
INFO	[2015-05-24 01:28:08:759] <20724> MERCHANT PRIV KEY LOAD OK
INFO	[2015-05-24 01:28:08:760] <20724> MERCHANT PUB KEY LOAD OK []
INFO	[2015-05-24 01:28:08:761] <20724> CHKFAKE KEY MAKE OK:MjAxNTA1MjQwMTI4MDg3NjA1MzUzNw==

INFO	[2015-05-24 01:28:08:761] <20724> END chkfake  Laptime:[0sec]
INFO	[2015-05-24 01:28:08:761] <20724> ===============================================================
INFO	[2015-05-24 01:34:26:703] <20663> START INIPHP chkfake (V5034-120709)(OS:Darwin14.3.0,PHP:5.2.17)
DEBUG	[2015-05-24 01:34:26:703] <20663> inipayhome:/Users/noggong/Documents/2.websource/10.hanwoo_mall/www_ng/mall_new/Provider/INIpay50
DEBUG	[2015-05-24 01:34:26:703] <20663> type:chkfake
DEBUG	[2015-05-24 01:34:26:703] <20663> debug:true
DEBUG	[2015-05-24 01:34:26:703] <20663> enctype:asym
DEBUG	[2015-05-24 01:34:26:703] <20663> admin:1111
DEBUG	[2015-05-24 01:34:26:703] <20663> checkopt:false
DEBUG	[2015-05-24 01:34:26:703] <20663> mid:ydghanwoo1
DEBUG	[2015-05-24 01:34:26:703] <20663> price:11500
DEBUG	[2015-05-24 01:34:26:703] <20663> nointerest:no
DEBUG	[2015-05-24 01:34:26:703] <20663> quotabase:선택:00:02:03:04:05:06:07:08:09:10:11:12
INFO	[2015-05-24 01:34:26:703] <20663> Check Field OK
INFO	[2015-05-24 01:34:26:703] <20663> MERCHANT PRIV KEY LOAD OK
INFO	[2015-05-24 01:34:26:703] <20663> MERCHANT PUB KEY LOAD OK []
INFO	[2015-05-24 01:34:26:705] <20663> CHKFAKE KEY MAKE OK:MjAxNTA1MjQwMTM0MjY3MDQ1MzcyNA==

INFO	[2015-05-24 01:34:26:705] <20663> END chkfake  Laptime:[0.01sec]
INFO	[2015-05-24 01:34:26:705] <20663> ===============================================================
INFO	[2015-05-24 01:34:50:238] <20731> START INIPHP chkfake (V5034-120709)(OS:Darwin14.3.0,PHP:5.2.17)
DEBUG	[2015-05-24 01:34:50:238] <20731> inipayhome:/Users/noggong/Documents/2.websource/10.hanwoo_mall/www_ng/mall_new/Provider/INIpay50
DEBUG	[2015-05-24 01:34:50:238] <20731> type:chkfake
DEBUG	[2015-05-24 01:34:50:238] <20731> debug:true
DEBUG	[2015-05-24 01:34:50:238] <20731> enctype:asym
DEBUG	[2015-05-24 01:34:50:238] <20731> admin:1111
DEBUG	[2015-05-24 01:34:50:238] <20731> checkopt:false
DEBUG	[2015-05-24 01:34:50:238] <20731> mid:ydghanwoo1
DEBUG	[2015-05-24 01:34:50:238] <20731> price:11500
DEBUG	[2015-05-24 01:34:50:238] <20731> nointerest:no
DEBUG	[2015-05-24 01:34:50:238] <20731> quotabase:선택:00:02:03:04:05:06:07:08:09:10:11:12
INFO	[2015-05-24 01:34:50:239] <20731> Check Field OK
INFO	[2015-05-24 01:34:50:239] <20731> MERCHANT PRIV KEY LOAD OK
INFO	[2015-05-24 01:34:50:239] <20731> MERCHANT PUB KEY LOAD OK []
INFO	[2015-05-24 01:34:50:240] <20731> CHKFAKE KEY MAKE OK:MjAxNTA1MjQwMTM0NTAyMzk3MDMxMA==

INFO	[2015-05-24 01:34:50:241] <20731> END chkfake  Laptime:[0sec]
INFO	[2015-05-24 01:34:50:241] <20731> ===============================================================
INFO	[2015-05-24 01:36:58:671] <20709> START INIPHP chkfake (V5034-120709)(OS:Darwin14.3.0,PHP:5.2.17)
DEBUG	[2015-05-24 01:36:58:671] <20709> inipayhome:/Users/noggong/Documents/2.websource/10.hanwoo_mall/www_ng/mall_new/Provider/INIpay50
DEBUG	[2015-05-24 01:36:58:671] <20709> type:chkfake
DEBUG	[2015-05-24 01:36:58:671] <20709> debug:true
DEBUG	[2015-05-24 01:36:58:671] <20709> enctype:asym
DEBUG	[2015-05-24 01:36:58:671] <20709> admin:1111
DEBUG	[2015-05-24 01:36:58:671] <20709> checkopt:false
DEBUG	[2015-05-24 01:36:58:671] <20709> mid:ydghanwoo1
DEBUG	[2015-05-24 01:36:58:671] <20709> price:11500
DEBUG	[2015-05-24 01:36:58:671] <20709> nointerest:no
DEBUG	[2015-05-24 01:36:58:671] <20709> quotabase:선택:00:02:03:04:05:06:07:08:09:10:11:12
INFO	[2015-05-24 01:36:58:671] <20709> Check Field OK
INFO	[2015-05-24 01:36:58:672] <20709> MERCHANT PRIV KEY LOAD OK
INFO	[2015-05-24 01:36:58:672] <20709> MERCHANT PUB KEY LOAD OK []
INFO	[2015-05-24 01:36:58:673] <20709> CHKFAKE KEY MAKE OK:MjAxNTA1MjQwMTM2NTg2NzI3MTE0MQ==

INFO	[2015-05-24 01:36:58:673] <20709> END chkfake  Laptime:[0sec]
INFO	[2015-05-24 01:36:58:674] <20709> ===============================================================
INFO	[2015-05-24 01:37:15:306] <20735> START INIPHP chkfake (V5034-120709)(OS:Darwin14.3.0,PHP:5.2.17)
DEBUG	[2015-05-24 01:37:15:306] <20735> inipayhome:/Users/noggong/Documents/2.websource/10.hanwoo_mall/www_ng/mall_new/Provider/INIpay50
DEBUG	[2015-05-24 01:37:15:306] <20735> type:chkfake
DEBUG	[2015-05-24 01:37:15:306] <20735> debug:true
DEBUG	[2015-05-24 01:37:15:306] <20735> enctype:asym
DEBUG	[2015-05-24 01:37:15:306] <20735> admin:1111
DEBUG	[2015-05-24 01:37:15:306] <20735> checkopt:false
DEBUG	[2015-05-24 01:37:15:306] <20735> mid:ydghanwoo1
DEBUG	[2015-05-24 01:37:15:306] <20735> price:11500
DEBUG	[2015-05-24 01:37:15:306] <20735> nointerest:no
DEBUG	[2015-05-24 01:37:15:306] <20735> quotabase:선택:00:02:03:04:05:06:07:08:09:10:11:12
INFO	[2015-05-24 01:37:15:306] <20735> Check Field OK
INFO	[2015-05-24 01:37:15:306] <20735> MERCHANT PRIV KEY LOAD OK
INFO	[2015-05-24 01:37:15:307] <20735> MERCHANT PUB KEY LOAD OK []
INFO	[2015-05-24 01:37:15:309] <20735> CHKFAKE KEY MAKE OK:MjAxNTA1MjQwMTM3MTUzMDc3Mzk0Mw==

INFO	[2015-05-24 01:37:15:310] <20735> END chkfake  Laptime:[0sec]
INFO	[2015-05-24 01:37:15:310] <20735> ===============================================================
INFO	[2015-05-24 01:38:25:673] <20724> START INIPHP chkfake (V5034-120709)(OS:Darwin14.3.0,PHP:5.2.17)
DEBUG	[2015-05-24 01:38:25:673] <20724> inipayhome:/Users/noggong/Documents/2.websource/10.hanwoo_mall/www_ng/mall_new/Provider/INIpay50
DEBUG	[2015-05-24 01:38:25:673] <20724> type:chkfake
DEBUG	[2015-05-24 01:38:25:673] <20724> debug:true
DEBUG	[2015-05-24 01:38:25:673] <20724> enctype:asym
DEBUG	[2015-05-24 01:38:25:673] <20724> admin:1111
DEBUG	[2015-05-24 01:38:25:673] <20724> checkopt:false
DEBUG	[2015-05-24 01:38:25:673] <20724> mid:ydghanwoo1
DEBUG	[2015-05-24 01:38:25:673] <20724> price:11500
DEBUG	[2015-05-24 01:38:25:673] <20724> nointerest:no
DEBUG	[2015-05-24 01:38:25:673] <20724> quotabase:선택:00:02:03:04:05:06:07:08:09:10:11:12
INFO	[2015-05-24 01:38:25:673] <20724> Check Field OK
INFO	[2015-05-24 01:38:25:674] <20724> MERCHANT PRIV KEY LOAD OK
INFO	[2015-05-24 01:38:25:674] <20724> MERCHANT PUB KEY LOAD OK []
INFO	[2015-05-24 01:38:25:675] <20724> CHKFAKE KEY MAKE OK:MjAxNTA1MjQwMTM4MjU2NzQ3MDg4NQ==

INFO	[2015-05-24 01:38:25:675] <20724> END chkfake  Laptime:[0.01sec]
INFO	[2015-05-24 01:38:25:676] <20724> ===============================================================
INFO	[2015-05-24 01:39:58:342] <20663> START INIPHP chkfake (V5034-120709)(OS:Darwin14.3.0,PHP:5.2.17)
DEBUG	[2015-05-24 01:39:58:342] <20663> inipayhome:/Users/noggong/Documents/2.websource/10.hanwoo_mall/www_ng/mall_new/Provider/INIpay50
DEBUG	[2015-05-24 01:39:58:342] <20663> type:chkfake
DEBUG	[2015-05-24 01:39:58:342] <20663> debug:true
DEBUG	[2015-05-24 01:39:58:342] <20663> enctype:asym
DEBUG	[2015-05-24 01:39:58:342] <20663> admin:1111
DEBUG	[2015-05-24 01:39:58:342] <20663> checkopt:false
DEBUG	[2015-05-24 01:39:58:342] <20663> mid:ydghanwoo1
DEBUG	[2015-05-24 01:39:58:342] <20663> price:11500
DEBUG	[2015-05-24 01:39:58:342] <20663> nointerest:no
DEBUG	[2015-05-24 01:39:58:342] <20663> quotabase:선택:00:02:03:04:05:06:07:08:09:10:11:12
INFO	[2015-05-24 01:39:58:342] <20663> Check Field OK
INFO	[2015-05-24 01:39:58:342] <20663> MERCHANT PRIV KEY LOAD OK
INFO	[2015-05-24 01:39:58:343] <20663> MERCHANT PUB KEY LOAD OK []
INFO	[2015-05-24 01:39:58:344] <20663> CHKFAKE KEY MAKE OK:MjAxNTA1MjQwMTM5NTgzNDM1OTU1OQ==

INFO	[2015-05-24 01:39:58:344] <20663> END chkfake  Laptime:[0sec]
INFO	[2015-05-24 01:39:58:344] <20663> ===============================================================
INFO	[2015-05-24 01:40:57:670] <20731> START INIPHP chkfake (V5034-120709)(OS:Darwin14.3.0,PHP:5.2.17)
DEBUG	[2015-05-24 01:40:57:670] <20731> inipayhome:/Users/noggong/Documents/2.websource/10.hanwoo_mall/www_ng/mall_new/Provider/INIpay50
DEBUG	[2015-05-24 01:40:57:670] <20731> type:chkfake
DEBUG	[2015-05-24 01:40:57:670] <20731> debug:true
DEBUG	[2015-05-24 01:40:57:670] <20731> enctype:asym
DEBUG	[2015-05-24 01:40:57:670] <20731> admin:1111
DEBUG	[2015-05-24 01:40:57:670] <20731> checkopt:false
DEBUG	[2015-05-24 01:40:57:670] <20731> mid:ydghanwoo1
DEBUG	[2015-05-24 01:40:57:670] <20731> price:11500
DEBUG	[2015-05-24 01:40:57:670] <20731> nointerest:no
DEBUG	[2015-05-24 01:40:57:670] <20731> quotabase:선택:00:02:03:04:05:06:07:08:09:10:11:12
INFO	[2015-05-24 01:40:57:670] <20731> Check Field OK
INFO	[2015-05-24 01:40:57:671] <20731> MERCHANT PRIV KEY LOAD OK
INFO	[2015-05-24 01:40:57:671] <20731> MERCHANT PUB KEY LOAD OK []
INFO	[2015-05-24 01:40:57:672] <20731> CHKFAKE KEY MAKE OK:MjAxNTA1MjQwMTQwNTc2NzEyMDk1Ng==

INFO	[2015-05-24 01:40:57:673] <20731> END chkfake  Laptime:[0sec]
INFO	[2015-05-24 01:40:57:673] <20731> ===============================================================
INFO	[2015-05-24 01:41:29:749] <20678> START INIPHP chkfake (V5034-120709)(OS:Darwin14.3.0,PHP:5.2.17)
DEBUG	[2015-05-24 01:41:29:749] <20678> inipayhome:/Users/noggong/Documents/2.websource/10.hanwoo_mall/www_ng/mall_new/Provider/INIpay50
DEBUG	[2015-05-24 01:41:29:749] <20678> type:chkfake
DEBUG	[2015-05-24 01:41:29:749] <20678> debug:true
DEBUG	[2015-05-24 01:41:29:749] <20678> enctype:asym
DEBUG	[2015-05-24 01:41:29:749] <20678> admin:1111
DEBUG	[2015-05-24 01:41:29:749] <20678> checkopt:false
DEBUG	[2015-05-24 01:41:29:749] <20678> mid:ydghanwoo1
DEBUG	[2015-05-24 01:41:29:749] <20678> price:11500
DEBUG	[2015-05-24 01:41:29:749] <20678> nointerest:no
DEBUG	[2015-05-24 01:41:29:749] <20678> quotabase:선택:00:02:03:04:05:06:07:08:09:10:11:12
INFO	[2015-05-24 01:41:29:749] <20678> Check Field OK
INFO	[2015-05-24 01:41:29:749] <20678> MERCHANT PRIV KEY LOAD OK
INFO	[2015-05-24 01:41:29:750] <20678> MERCHANT PUB KEY LOAD OK []
INFO	[2015-05-24 01:41:29:751] <20678> CHKFAKE KEY MAKE OK:MjAxNTA1MjQwMTQxMjk3NTA1Mzk3MQ==

INFO	[2015-05-24 01:41:29:751] <20678> END chkfake  Laptime:[0sec]
INFO	[2015-05-24 01:41:29:751] <20678> ===============================================================
INFO	[2015-05-24 01:41:42:73] <20662> START INIPHP chkfake (V5034-120709)(OS:Darwin14.3.0,PHP:5.2.17)
DEBUG	[2015-05-24 01:41:42:73] <20662> inipayhome:/Users/noggong/Documents/2.websource/10.hanwoo_mall/www_ng/mall_new/Provider/INIpay50
DEBUG	[2015-05-24 01:41:42:73] <20662> type:chkfake
DEBUG	[2015-05-24 01:41:42:73] <20662> debug:true
DEBUG	[2015-05-24 01:41:42:73] <20662> enctype:asym
DEBUG	[2015-05-24 01:41:42:73] <20662> admin:1111
DEBUG	[2015-05-24 01:41:42:73] <20662> checkopt:false
DEBUG	[2015-05-24 01:41:42:73] <20662> mid:ydghanwoo1
DEBUG	[2015-05-24 01:41:42:73] <20662> price:11500
DEBUG	[2015-05-24 01:41:42:73] <20662> nointerest:no
DEBUG	[2015-05-24 01:41:42:73] <20662> quotabase:선택:00:02:03:04:05:06:07:08:09:10:11:12
INFO	[2015-05-24 01:41:42:73] <20662> Check Field OK
INFO	[2015-05-24 01:41:42:73] <20662> MERCHANT PRIV KEY LOAD OK
INFO	[2015-05-24 01:41:42:74] <20662> MERCHANT PUB KEY LOAD OK []
INFO	[2015-05-24 01:41:42:76] <20662> CHKFAKE KEY MAKE OK:MjAxNTA1MjQwMTQxNDIwNzQ3Mjk0Mg==

INFO	[2015-05-24 01:41:42:76] <20662> END chkfake  Laptime:[0.01sec]
INFO	[2015-05-24 01:41:42:76] <20662> ===============================================================
INFO	[2015-05-24 01:42:34:577] <20709> START INIPHP chkfake (V5034-120709)(OS:Darwin14.3.0,PHP:5.2.17)
DEBUG	[2015-05-24 01:42:34:577] <20709> inipayhome:/Users/noggong/Documents/2.websource/10.hanwoo_mall/www_ng/mall_new/Provider/INIpay50
DEBUG	[2015-05-24 01:42:34:577] <20709> type:chkfake
DEBUG	[2015-05-24 01:42:34:577] <20709> debug:true
DEBUG	[2015-05-24 01:42:34:577] <20709> enctype:asym
DEBUG	[2015-05-24 01:42:34:577] <20709> admin:1111
DEBUG	[2015-05-24 01:42:34:577] <20709> checkopt:false
DEBUG	[2015-05-24 01:42:34:577] <20709> mid:ydghanwoo1
DEBUG	[2015-05-24 01:42:34:577] <20709> price:11500
DEBUG	[2015-05-24 01:42:34:577] <20709> nointerest:no
DEBUG	[2015-05-24 01:42:34:577] <20709> quotabase:선택:00:02:03:04:05:06:07:08:09:10:11:12
INFO	[2015-05-24 01:42:34:577] <20709> Check Field OK
INFO	[2015-05-24 01:42:34:577] <20709> MERCHANT PRIV KEY LOAD OK
INFO	[2015-05-24 01:42:34:577] <20709> MERCHANT PUB KEY LOAD OK []
INFO	[2015-05-24 01:42:34:578] <20709> CHKFAKE KEY MAKE OK:MjAxNTA1MjQwMTQyMzQ1NzgyNzUxOA==

INFO	[2015-05-24 01:42:34:579] <20709> END chkfake  Laptime:[0sec]
INFO	[2015-05-24 01:42:34:579] <20709> ===============================================================
INFO	[2015-05-24 01:42:46:136] <20724> START INIPHP chkfake (V5034-120709)(OS:Darwin14.3.0,PHP:5.2.17)
DEBUG	[2015-05-24 01:42:46:136] <20724> inipayhome:/Users/noggong/Documents/2.websource/10.hanwoo_mall/www_ng/mall_new/Provider/INIpay50
DEBUG	[2015-05-24 01:42:46:136] <20724> type:chkfake
DEBUG	[2015-05-24 01:42:46:136] <20724> debug:true
DEBUG	[2015-05-24 01:42:46:136] <20724> enctype:asym
DEBUG	[2015-05-24 01:42:46:136] <20724> admin:1111
DEBUG	[2015-05-24 01:42:46:136] <20724> checkopt:false
DEBUG	[2015-05-24 01:42:46:136] <20724> mid:ydghanwoo1
DEBUG	[2015-05-24 01:42:46:136] <20724> price:11500
DEBUG	[2015-05-24 01:42:46:136] <20724> nointerest:no
DEBUG	[2015-05-24 01:42:46:136] <20724> quotabase:선택:00:02:03:04:05:06:07:08:09:10:11:12
INFO	[2015-05-24 01:42:46:136] <20724> Check Field OK
INFO	[2015-05-24 01:42:46:136] <20724> MERCHANT PRIV KEY LOAD OK
INFO	[2015-05-24 01:42:46:137] <20724> MERCHANT PUB KEY LOAD OK []
INFO	[2015-05-24 01:42:46:138] <20724> CHKFAKE KEY MAKE OK:MjAxNTA1MjQwMTQyNDYxMzc5ODE2MA==

INFO	[2015-05-24 01:42:46:138] <20724> END chkfake  Laptime:[0sec]
INFO	[2015-05-24 01:42:46:138] <20724> ===============================================================
INFO	[2015-05-24 01:44:27:811] <20663> START INIPHP chkfake (V5034-120709)(OS:Darwin14.3.0,PHP:5.2.17)
DEBUG	[2015-05-24 01:44:27:811] <20663> inipayhome:/Users/noggong/Documents/2.websource/10.hanwoo_mall/www_ng/mall_new/Provider/INIpay50
DEBUG	[2015-05-24 01:44:27:811] <20663> type:chkfake
DEBUG	[2015-05-24 01:44:27:811] <20663> debug:true
DEBUG	[2015-05-24 01:44:27:811] <20663> enctype:asym
DEBUG	[2015-05-24 01:44:27:811] <20663> admin:1111
DEBUG	[2015-05-24 01:44:27:811] <20663> checkopt:false
DEBUG	[2015-05-24 01:44:27:811] <20663> mid:ydghanwoo1
DEBUG	[2015-05-24 01:44:27:811] <20663> price:11500
DEBUG	[2015-05-24 01:44:27:811] <20663> nointerest:no
DEBUG	[2015-05-24 01:44:27:811] <20663> quotabase:선택:00:02:03:04:05:06:07:08:09:10:11:12
INFO	[2015-05-24 01:44:27:812] <20663> Check Field OK
INFO	[2015-05-24 01:44:27:812] <20663> MERCHANT PRIV KEY LOAD OK
INFO	[2015-05-24 01:44:27:812] <20663> MERCHANT PUB KEY LOAD OK []
INFO	[2015-05-24 01:44:27:814] <20663> CHKFAKE KEY MAKE OK:MjAxNTA1MjQwMTQ0Mjc4MTM5OTA1Mg==

INFO	[2015-05-24 01:44:27:814] <20663> END chkfake  Laptime:[0sec]
INFO	[2015-05-24 01:44:27:814] <20663> ===============================================================
INFO	[2015-05-24 01:50:56:876] <20916> START INIPHP chkfake (V5034-120709)(OS:Darwin14.3.0,PHP:5.2.17)
DEBUG	[2015-05-24 01:50:56:876] <20916> inipayhome:/Users/noggong/Documents/2.websource/10.hanwoo_mall/www_ng/mall_new/Provider/INIpay50
DEBUG	[2015-05-24 01:50:56:876] <20916> type:chkfake
DEBUG	[2015-05-24 01:50:56:876] <20916> debug:true
DEBUG	[2015-05-24 01:50:56:876] <20916> enctype:asym
DEBUG	[2015-05-24 01:50:56:876] <20916> admin:1111
DEBUG	[2015-05-24 01:50:56:876] <20916> checkopt:false
DEBUG	[2015-05-24 01:50:56:876] <20916> mid:ydghanwoo1
DEBUG	[2015-05-24 01:50:56:876] <20916> price:27500
DEBUG	[2015-05-24 01:50:56:876] <20916> nointerest:no
DEBUG	[2015-05-24 01:50:56:876] <20916> quotabase:선택:00:02:03:04:05:06:07:08:09:10:11:12
INFO	[2015-05-24 01:50:56:876] <20916> Check Field OK
INFO	[2015-05-24 01:50:56:877] <20916> MERCHANT PRIV KEY LOAD OK
INFO	[2015-05-24 01:50:56:878] <20916> MERCHANT PUB KEY LOAD OK []
INFO	[2015-05-24 01:50:56:880] <20916> CHKFAKE KEY MAKE OK:MjAxNTA1MjQwMTUwNTY4Nzg4ODc3OA==

INFO	[2015-05-24 01:50:56:881] <20916> END chkfake  Laptime:[0sec]
INFO	[2015-05-24 01:50:56:881] <20916> ===============================================================
INFO	[2015-05-24 01:52:21:476] <20916> START INIPHP chkfake (V5034-120709)(OS:Darwin14.3.0,PHP:5.2.17)
DEBUG	[2015-05-24 01:52:21:476] <20916> inipayhome:/Users/noggong/Documents/2.websource/10.hanwoo_mall/www_ng/mall_new/Provider/INIpay50
DEBUG	[2015-05-24 01:52:21:476] <20916> type:chkfake
DEBUG	[2015-05-24 01:52:21:476] <20916> debug:true
DEBUG	[2015-05-24 01:52:21:476] <20916> enctype:asym
DEBUG	[2015-05-24 01:52:21:476] <20916> admin:1111
DEBUG	[2015-05-24 01:52:21:476] <20916> checkopt:false
DEBUG	[2015-05-24 01:52:21:476] <20916> mid:ydghanwoo1
DEBUG	[2015-05-24 01:52:21:476] <20916> price:27500
DEBUG	[2015-05-24 01:52:21:476] <20916> nointerest:no
DEBUG	[2015-05-24 01:52:21:476] <20916> quotabase:선택:00:02:03:04:05:06:07:08:09:10:11:12
INFO	[2015-05-24 01:52:21:476] <20916> Check Field OK
INFO	[2015-05-24 01:52:21:476] <20916> MERCHANT PRIV KEY LOAD OK
INFO	[2015-05-24 01:52:21:476] <20916> MERCHANT PUB KEY LOAD OK []
INFO	[2015-05-24 01:52:21:477] <20916> CHKFAKE KEY MAKE OK:MjAxNTA1MjQwMTUyMjE0Nzc4NzE0OQ==

INFO	[2015-05-24 01:52:21:478] <20916> END chkfake  Laptime:[0sec]
INFO	[2015-05-24 01:52:21:478] <20916> ===============================================================
INFO	[2015-05-24 01:57:28:51] <20934> START INIPHP chkfake (V5034-120709)(OS:Darwin14.3.0,PHP:5.2.17)
DEBUG	[2015-05-24 01:57:28:52] <20934> inipayhome:/Users/noggong/Documents/2.websource/10.hanwoo_mall/www_ng/mall_new/Provider/INIpay50
DEBUG	[2015-05-24 01:57:28:52] <20934> type:chkfake
DEBUG	[2015-05-24 01:57:28:52] <20934> debug:true
DEBUG	[2015-05-24 01:57:28:52] <20934> enctype:asym
DEBUG	[2015-05-24 01:57:28:52] <20934> admin:1111
DEBUG	[2015-05-24 01:57:28:52] <20934> checkopt:false
DEBUG	[2015-05-24 01:57:28:52] <20934> mid:ydghanwoo1
DEBUG	[2015-05-24 01:57:28:52] <20934> price:27500
DEBUG	[2015-05-24 01:57:28:52] <20934> nointerest:no
DEBUG	[2015-05-24 01:57:28:52] <20934> quotabase:선택:00:02:03:04:05:06:07:08:09:10:11:12
INFO	[2015-05-24 01:57:28:52] <20934> Check Field OK
INFO	[2015-05-24 01:57:28:53] <20934> MERCHANT PRIV KEY LOAD OK
INFO	[2015-05-24 01:57:28:53] <20934> MERCHANT PUB KEY LOAD OK []
INFO	[2015-05-24 01:57:28:55] <20934> CHKFAKE KEY MAKE OK:MjAxNTA1MjQwMTU3MjgwNTQ5OTU1Mg==

INFO	[2015-05-24 01:57:28:56] <20934> END chkfake  Laptime:[0.01sec]
INFO	[2015-05-24 01:57:28:56] <20934> ===============================================================
INFO	[2015-05-24 01:57:43:497] <20919> START INIPHP chkfake (V5034-120709)(OS:Darwin14.3.0,PHP:5.2.17)
DEBUG	[2015-05-24 01:57:43:497] <20919> inipayhome:/Users/noggong/Documents/2.websource/10.hanwoo_mall/www_ng/mall_new/Provider/INIpay50
DEBUG	[2015-05-24 01:57:43:497] <20919> type:chkfake
DEBUG	[2015-05-24 01:57:43:497] <20919> debug:true
DEBUG	[2015-05-24 01:57:43:497] <20919> enctype:asym
DEBUG	[2015-05-24 01:57:43:497] <20919> admin:1111
DEBUG	[2015-05-24 01:57:43:497] <20919> checkopt:false
DEBUG	[2015-05-24 01:57:43:497] <20919> mid:ydghanwoo1
DEBUG	[2015-05-24 01:57:43:497] <20919> price:27500
DEBUG	[2015-05-24 01:57:43:497] <20919> nointerest:no
DEBUG	[2015-05-24 01:57:43:497] <20919> quotabase:선택:00:02:03:04:05:06:07:08:09:10:11:12
INFO	[2015-05-24 01:57:43:498] <20919> Check Field OK
INFO	[2015-05-24 01:57:43:498] <20919> MERCHANT PRIV KEY LOAD OK
INFO	[2015-05-24 01:57:43:499] <20919> MERCHANT PUB KEY LOAD OK []
INFO	[2015-05-24 01:57:43:500] <20919> CHKFAKE KEY MAKE OK:MjAxNTA1MjQwMTU3NDM0OTkxODc4OA==

INFO	[2015-05-24 01:57:43:500] <20919> END chkfake  Laptime:[0sec]
INFO	[2015-05-24 01:57:43:500] <20919> ===============================================================
INFO	[2015-05-24 02:00:28:665] <20724> START INIPHP chkfake (V5034-120709)(OS:Darwin14.3.0,PHP:5.2.17)
DEBUG	[2015-05-24 02:00:28:665] <20724> inipayhome:/Users/noggong/Documents/2.websource/10.hanwoo_mall/www_ng/mall_new/Provider/INIpay50
DEBUG	[2015-05-24 02:00:28:665] <20724> type:chkfake
DEBUG	[2015-05-24 02:00:28:665] <20724> debug:true
DEBUG	[2015-05-24 02:00:28:665] <20724> enctype:asym
DEBUG	[2015-05-24 02:00:28:665] <20724> admin:1111
DEBUG	[2015-05-24 02:00:28:665] <20724> checkopt:false
DEBUG	[2015-05-24 02:00:28:665] <20724> mid:ydghanwoo1
DEBUG	[2015-05-24 02:00:28:665] <20724> price:27500
DEBUG	[2015-05-24 02:00:28:665] <20724> nointerest:no
DEBUG	[2015-05-24 02:00:28:665] <20724> quotabase:선택:00:02:03:04:05:06:07:08:09:10:11:12
INFO	[2015-05-24 02:00:28:665] <20724> Check Field OK
INFO	[2015-05-24 02:00:28:665] <20724> MERCHANT PRIV KEY LOAD OK
INFO	[2015-05-24 02:00:28:666] <20724> MERCHANT PUB KEY LOAD OK []
INFO	[2015-05-24 02:00:28:667] <20724> CHKFAKE KEY MAKE OK:MjAxNTA1MjQwMjAwMjg2NjY0OTQwOQ==

INFO	[2015-05-24 02:00:28:667] <20724> END chkfake  Laptime:[0sec]
INFO	[2015-05-24 02:00:28:667] <20724> ===============================================================
INFO	[2015-05-24 02:02:28:222] <20726> START INIPHP chkfake (V5034-120709)(OS:Darwin14.3.0,PHP:5.2.17)
DEBUG	[2015-05-24 02:02:28:223] <20726> inipayhome:/Users/noggong/Documents/2.websource/10.hanwoo_mall/www_ng/mall_new/Provider/INIpay50
DEBUG	[2015-05-24 02:02:28:223] <20726> type:chkfake
DEBUG	[2015-05-24 02:02:28:223] <20726> debug:true
DEBUG	[2015-05-24 02:02:28:223] <20726> enctype:asym
DEBUG	[2015-05-24 02:02:28:223] <20726> admin:1111
DEBUG	[2015-05-24 02:02:28:223] <20726> checkopt:false
DEBUG	[2015-05-24 02:02:28:223] <20726> mid:ydghanwoo1
DEBUG	[2015-05-24 02:02:28:223] <20726> price:11500
DEBUG	[2015-05-24 02:02:28:223] <20726> nointerest:no
DEBUG	[2015-05-24 02:02:28:223] <20726> quotabase:선택:00:02:03:04:05:06:07:08:09:10:11:12
INFO	[2015-05-24 02:02:28:223] <20726> Check Field OK
INFO	[2015-05-24 02:02:28:223] <20726> MERCHANT PRIV KEY LOAD OK
INFO	[2015-05-24 02:02:28:224] <20726> MERCHANT PUB KEY LOAD OK []
INFO	[2015-05-24 02:02:28:226] <20726> CHKFAKE KEY MAKE OK:MjAxNTA1MjQwMjAyMjgyMjQ1MjA4Ng==

INFO	[2015-05-24 02:02:28:227] <20726> END chkfake  Laptime:[0.01sec]
INFO	[2015-05-24 02:02:28:228] <20726> ===============================================================
INFO	[2015-05-24 02:03:04:126] <20970> START INIPHP chkfake (V5034-120709)(OS:Darwin14.3.0,PHP:5.2.17)
DEBUG	[2015-05-24 02:03:04:126] <20970> inipayhome:/Users/noggong/Documents/2.websource/10.hanwoo_mall/www_ng/mall_new/Provider/INIpay50
DEBUG	[2015-05-24 02:03:04:126] <20970> type:chkfake
DEBUG	[2015-05-24 02:03:04:126] <20970> debug:true
DEBUG	[2015-05-24 02:03:04:126] <20970> enctype:asym
DEBUG	[2015-05-24 02:03:04:126] <20970> admin:1111
DEBUG	[2015-05-24 02:03:04:126] <20970> checkopt:false
DEBUG	[2015-05-24 02:03:04:126] <20970> mid:ydghanwoo1
DEBUG	[2015-05-24 02:03:04:126] <20970> price:27500
DEBUG	[2015-05-24 02:03:04:126] <20970> nointerest:no
DEBUG	[2015-05-24 02:03:04:126] <20970> quotabase:선택:00:02:03:04:05:06:07:08:09:10:11:12
INFO	[2015-05-24 02:03:04:126] <20970> Check Field OK
INFO	[2015-05-24 02:03:04:127] <20970> MERCHANT PRIV KEY LOAD OK
INFO	[2015-05-24 02:03:04:128] <20970> MERCHANT PUB KEY LOAD OK []
INFO	[2015-05-24 02:03:04:130] <20970> CHKFAKE KEY MAKE OK:MjAxNTA1MjQwMjAzMDQxMjgzMDQ2Mg==

INFO	[2015-05-24 02:03:04:130] <20970> END chkfake  Laptime:[0sec]
INFO	[2015-05-24 02:03:04:130] <20970> ===============================================================
INFO	[2015-05-24 02:03:41:276] <20939> START INIPHP chkfake (V5034-120709)(OS:Darwin14.3.0,PHP:5.2.17)
DEBUG	[2015-05-24 02:03:41:276] <20939> inipayhome:/Users/noggong/Documents/2.websource/10.hanwoo_mall/www_ng/mall_new/Provider/INIpay50
DEBUG	[2015-05-24 02:03:41:276] <20939> type:chkfake
DEBUG	[2015-05-24 02:03:41:276] <20939> debug:true
DEBUG	[2015-05-24 02:03:41:276] <20939> enctype:asym
DEBUG	[2015-05-24 02:03:41:276] <20939> admin:1111
DEBUG	[2015-05-24 02:03:41:276] <20939> checkopt:false
DEBUG	[2015-05-24 02:03:41:276] <20939> mid:ydghanwoo1
DEBUG	[2015-05-24 02:03:41:276] <20939> price:27500
DEBUG	[2015-05-24 02:03:41:276] <20939> nointerest:no
DEBUG	[2015-05-24 02:03:41:276] <20939> quotabase:선택:00:02:03:04:05:06:07:08:09:10:11:12
INFO	[2015-05-24 02:03:41:276] <20939> Check Field OK
INFO	[2015-05-24 02:03:41:277] <20939> MERCHANT PRIV KEY LOAD OK
INFO	[2015-05-24 02:03:41:277] <20939> MERCHANT PUB KEY LOAD OK []
INFO	[2015-05-24 02:03:41:278] <20939> CHKFAKE KEY MAKE OK:MjAxNTA1MjQwMjAzNDEyNzcxMjMyOA==

INFO	[2015-05-24 02:03:41:278] <20939> END chkfake  Laptime:[0sec]
INFO	[2015-05-24 02:03:41:278] <20939> ===============================================================
INFO	[2015-05-24 02:10:33:490] <21003> START INIPHP chkfake (V5034-120709)(OS:Darwin14.3.0,PHP:5.2.17)
DEBUG	[2015-05-24 02:10:33:490] <21003> inipayhome:/Users/noggong/Documents/2.websource/10.hanwoo_mall/www_ng/mall_new/Provider/INIpay50
DEBUG	[2015-05-24 02:10:33:490] <21003> type:chkfake
DEBUG	[2015-05-24 02:10:33:490] <21003> debug:true
DEBUG	[2015-05-24 02:10:33:490] <21003> enctype:asym
DEBUG	[2015-05-24 02:10:33:490] <21003> admin:1111
DEBUG	[2015-05-24 02:10:33:490] <21003> checkopt:false
DEBUG	[2015-05-24 02:10:33:490] <21003> mid:ydghanwoo1
DEBUG	[2015-05-24 02:10:33:490] <21003> price:27500
DEBUG	[2015-05-24 02:10:33:490] <21003> nointerest:no
DEBUG	[2015-05-24 02:10:33:490] <21003> quotabase:선택:00:02:03:04:05:06:07:08:09:10:11:12
INFO	[2015-05-24 02:10:33:491] <21003> Check Field OK
INFO	[2015-05-24 02:10:33:492] <21003> MERCHANT PRIV KEY LOAD OK
INFO	[2015-05-24 02:10:33:494] <21003> MERCHANT PUB KEY LOAD OK []
INFO	[2015-05-24 02:10:33:496] <21003> CHKFAKE KEY MAKE OK:MjAxNTA1MjQwMjEwMzM0OTQyMDk1Ng==

INFO	[2015-05-24 02:10:33:496] <21003> END chkfake  Laptime:[0.01sec]
INFO	[2015-05-24 02:10:33:496] <21003> ===============================================================
INFO	[2015-05-24 02:13:21:906] <20939> START INIPHP chkfake (V5034-120709)(OS:Darwin14.3.0,PHP:5.2.17)
DEBUG	[2015-05-24 02:13:21:906] <20939> inipayhome:/Users/noggong/Documents/2.websource/10.hanwoo_mall/www_ng/mall_new/Provider/INIpay50
DEBUG	[2015-05-24 02:13:21:906] <20939> type:chkfake
DEBUG	[2015-05-24 02:13:21:906] <20939> debug:true
DEBUG	[2015-05-24 02:13:21:906] <20939> enctype:asym
DEBUG	[2015-05-24 02:13:21:906] <20939> admin:1111
DEBUG	[2015-05-24 02:13:21:906] <20939> checkopt:false
DEBUG	[2015-05-24 02:13:21:906] <20939> mid:ydghanwoo1
DEBUG	[2015-05-24 02:13:21:906] <20939> price:27500
DEBUG	[2015-05-24 02:13:21:906] <20939> nointerest:no
DEBUG	[2015-05-24 02:13:21:906] <20939> quotabase:선택:00:02:03:04:05:06:07:08:09:10:11:12
INFO	[2015-05-24 02:13:21:906] <20939> Check Field OK
INFO	[2015-05-24 02:13:21:907] <20939> MERCHANT PRIV KEY LOAD OK
INFO	[2015-05-24 02:13:21:907] <20939> MERCHANT PUB KEY LOAD OK []
INFO	[2015-05-24 02:13:21:910] <20939> CHKFAKE KEY MAKE OK:MjAxNTA1MjQwMjEzMjE5MDgzMjk1Ng==

INFO	[2015-05-24 02:13:21:910] <20939> END chkfake  Laptime:[0sec]
INFO	[2015-05-24 02:13:21:910] <20939> ===============================================================
INFO	[2015-05-24 02:14:22:842] <21003> START INIPHP chkfake (V5034-120709)(OS:Darwin14.3.0,PHP:5.2.17)
DEBUG	[2015-05-24 02:14:22:842] <21003> inipayhome:/Users/noggong/Documents/2.websource/10.hanwoo_mall/www_ng/mall_new/Provider/INIpay50
DEBUG	[2015-05-24 02:14:22:842] <21003> type:chkfake
DEBUG	[2015-05-24 02:14:22:842] <21003> debug:true
DEBUG	[2015-05-24 02:14:22:842] <21003> enctype:asym
DEBUG	[2015-05-24 02:14:22:842] <21003> admin:1111
DEBUG	[2015-05-24 02:14:22:842] <21003> checkopt:false
DEBUG	[2015-05-24 02:14:22:842] <21003> mid:ydghanwoo1
DEBUG	[2015-05-24 02:14:22:842] <21003> price:27500
DEBUG	[2015-05-24 02:14:22:842] <21003> nointerest:no
DEBUG	[2015-05-24 02:14:22:842] <21003> quotabase:선택:00:02:03:04:05:06:07:08:09:10:11:12
INFO	[2015-05-24 02:14:22:843] <21003> Check Field OK
INFO	[2015-05-24 02:14:22:843] <21003> MERCHANT PRIV KEY LOAD OK
INFO	[2015-05-24 02:14:22:843] <21003> MERCHANT PUB KEY LOAD OK []
INFO	[2015-05-24 02:14:22:844] <21003> CHKFAKE KEY MAKE OK:MjAxNTA1MjQwMjE0MjI4NDM4NDE1OA==

INFO	[2015-05-24 02:14:22:844] <21003> END chkfake  Laptime:[0sec]
INFO	[2015-05-24 02:14:22:845] <21003> ===============================================================
INFO	[2015-05-24 02:14:47:339] <20970> START INIPHP chkfake (V5034-120709)(OS:Darwin14.3.0,PHP:5.2.17)
DEBUG	[2015-05-24 02:14:47:339] <20970> inipayhome:/Users/noggong/Documents/2.websource/10.hanwoo_mall/www_ng/mall_new/Provider/INIpay50
DEBUG	[2015-05-24 02:14:47:339] <20970> type:chkfake
DEBUG	[2015-05-24 02:14:47:339] <20970> debug:true
DEBUG	[2015-05-24 02:14:47:339] <20970> enctype:asym
DEBUG	[2015-05-24 02:14:47:339] <20970> admin:1111
DEBUG	[2015-05-24 02:14:47:339] <20970> checkopt:false
DEBUG	[2015-05-24 02:14:47:339] <20970> mid:ydghanwoo1
DEBUG	[2015-05-24 02:14:47:339] <20970> price:27500
DEBUG	[2015-05-24 02:14:47:339] <20970> nointerest:no
DEBUG	[2015-05-24 02:14:47:339] <20970> quotabase:선택:00:02:03:04:05:06:07:08:09:10:11:12
INFO	[2015-05-24 02:14:47:339] <20970> Check Field OK
INFO	[2015-05-24 02:14:47:339] <20970> MERCHANT PRIV KEY LOAD OK
INFO	[2015-05-24 02:14:47:340] <20970> MERCHANT PUB KEY LOAD OK []
INFO	[2015-05-24 02:14:47:341] <20970> CHKFAKE KEY MAKE OK:MjAxNTA1MjQwMjE0NDczNDAyMzYzNQ==

INFO	[2015-05-24 02:14:47:342] <20970> END chkfake  Laptime:[0sec]
INFO	[2015-05-24 02:14:47:342] <20970> ===============================================================
INFO	[2015-05-24 02:18:27:202] <20663> START INIPHP chkfake (V5034-120709)(OS:Darwin14.3.0,PHP:5.2.17)
DEBUG	[2015-05-24 02:18:27:202] <20663> inipayhome:/Users/noggong/Documents/2.websource/10.hanwoo_mall/www_ng/mall_new/Provider/INIpay50
DEBUG	[2015-05-24 02:18:27:202] <20663> type:chkfake
DEBUG	[2015-05-24 02:18:27:202] <20663> debug:true
DEBUG	[2015-05-24 02:18:27:202] <20663> enctype:asym
DEBUG	[2015-05-24 02:18:27:202] <20663> admin:1111
DEBUG	[2015-05-24 02:18:27:202] <20663> checkopt:false
DEBUG	[2015-05-24 02:18:27:202] <20663> mid:ydghanwoo1
DEBUG	[2015-05-24 02:18:27:202] <20663> price:27500
DEBUG	[2015-05-24 02:18:27:202] <20663> nointerest:no
DEBUG	[2015-05-24 02:18:27:202] <20663> quotabase:선택:00:02:03:04:05:06:07:08:09:10:11:12
INFO	[2015-05-24 02:18:27:202] <20663> Check Field OK
INFO	[2015-05-24 02:18:27:202] <20663> MERCHANT PRIV KEY LOAD OK
INFO	[2015-05-24 02:18:27:203] <20663> MERCHANT PUB KEY LOAD OK []
INFO	[2015-05-24 02:18:27:204] <20663> CHKFAKE KEY MAKE OK:MjAxNTA1MjQwMjE4MjcyMDMyODc3NQ==

INFO	[2015-05-24 02:18:27:204] <20663> END chkfake  Laptime:[0sec]
INFO	[2015-05-24 02:18:27:204] <20663> ===============================================================
INFO	[2015-05-24 02:18:52:679] <20934> START INIPHP chkfake (V5034-120709)(OS:Darwin14.3.0,PHP:5.2.17)
DEBUG	[2015-05-24 02:18:52:680] <20934> inipayhome:/Users/noggong/Documents/2.websource/10.hanwoo_mall/www_ng/mall_new/Provider/INIpay50
DEBUG	[2015-05-24 02:18:52:680] <20934> type:chkfake
DEBUG	[2015-05-24 02:18:52:680] <20934> debug:true
DEBUG	[2015-05-24 02:18:52:680] <20934> enctype:asym
DEBUG	[2015-05-24 02:18:52:680] <20934> admin:1111
DEBUG	[2015-05-24 02:18:52:680] <20934> checkopt:false
DEBUG	[2015-05-24 02:18:52:680] <20934> mid:ydghanwoo1
DEBUG	[2015-05-24 02:18:52:680] <20934> price:27500
DEBUG	[2015-05-24 02:18:52:680] <20934> nointerest:no
DEBUG	[2015-05-24 02:18:52:680] <20934> quotabase:선택:00:02:03:04:05:06:07:08:09:10:11:12
INFO	[2015-05-24 02:18:52:680] <20934> Check Field OK
INFO	[2015-05-24 02:18:52:681] <20934> MERCHANT PRIV KEY LOAD OK
INFO	[2015-05-24 02:18:52:682] <20934> MERCHANT PUB KEY LOAD OK []
INFO	[2015-05-24 02:18:52:684] <20934> CHKFAKE KEY MAKE OK:MjAxNTA1MjQwMjE4NTI2ODI4ODgxOQ==

INFO	[2015-05-24 02:18:52:684] <20934> END chkfake  Laptime:[0sec]
INFO	[2015-05-24 02:18:52:684] <20934> ===============================================================
INFO	[2015-05-24 02:31:14:69] <21067> START INIPHP chkfake (V5034-120709)(OS:Darwin14.3.0,PHP:5.2.17)
DEBUG	[2015-05-24 02:31:14:69] <21067> inipayhome:/Users/noggong/Documents/2.websource/10.hanwoo_mall/www_ng/mall_new/Provider/INIpay50
DEBUG	[2015-05-24 02:31:14:69] <21067> type:chkfake
DEBUG	[2015-05-24 02:31:14:69] <21067> debug:true
DEBUG	[2015-05-24 02:31:14:69] <21067> enctype:asym
DEBUG	[2015-05-24 02:31:14:69] <21067> admin:1111
DEBUG	[2015-05-24 02:31:14:69] <21067> checkopt:false
DEBUG	[2015-05-24 02:31:14:69] <21067> mid:ydghanwoo1
DEBUG	[2015-05-24 02:31:14:69] <21067> price:27500
DEBUG	[2015-05-24 02:31:14:69] <21067> nointerest:no
DEBUG	[2015-05-24 02:31:14:69] <21067> quotabase:선택:00:02:03:04:05:06:07:08:09:10:11:12
INFO	[2015-05-24 02:31:14:69] <21067> Check Field OK
INFO	[2015-05-24 02:31:14:70] <21067> MERCHANT PRIV KEY LOAD OK
INFO	[2015-05-24 02:31:14:71] <21067> MERCHANT PUB KEY LOAD OK []
INFO	[2015-05-24 02:31:14:74] <21067> CHKFAKE KEY MAKE OK:MjAxNTA1MjQwMjMxMTQwNzI0MDAxNQ==

INFO	[2015-05-24 02:31:14:74] <21067> END chkfake  Laptime:[0sec]
INFO	[2015-05-24 02:31:14:74] <21067> ===============================================================
INFO	[2015-05-24 02:31:26:337] <21049> START INIPHP chkfake (V5034-120709)(OS:Darwin14.3.0,PHP:5.2.17)
DEBUG	[2015-05-24 02:31:26:337] <21049> inipayhome:/Users/noggong/Documents/2.websource/10.hanwoo_mall/www_ng/mall_new/Provider/INIpay50
DEBUG	[2015-05-24 02:31:26:337] <21049> type:chkfake
DEBUG	[2015-05-24 02:31:26:337] <21049> debug:true
DEBUG	[2015-05-24 02:31:26:337] <21049> enctype:asym
DEBUG	[2015-05-24 02:31:26:337] <21049> admin:1111
DEBUG	[2015-05-24 02:31:26:337] <21049> checkopt:false
DEBUG	[2015-05-24 02:31:26:337] <21049> mid:ydghanwoo1
DEBUG	[2015-05-24 02:31:26:337] <21049> price:27500
DEBUG	[2015-05-24 02:31:26:337] <21049> nointerest:no
DEBUG	[2015-05-24 02:31:26:337] <21049> quotabase:선택:00:02:03:04:05:06:07:08:09:10:11:12
INFO	[2015-05-24 02:31:26:337] <21049> Check Field OK
INFO	[2015-05-24 02:31:26:337] <21049> MERCHANT PRIV KEY LOAD OK
INFO	[2015-05-24 02:31:26:338] <21049> MERCHANT PUB KEY LOAD OK []
INFO	[2015-05-24 02:31:26:339] <21049> CHKFAKE KEY MAKE OK:MjAxNTA1MjQwMjMxMjYzMzgyMTIxMg==

INFO	[2015-05-24 02:31:26:339] <21049> END chkfake  Laptime:[0sec]
INFO	[2015-05-24 02:31:26:339] <21049> ===============================================================
INFO	[2015-05-24 02:31:33:708] <21081> START INIPHP chkfake (V5034-120709)(OS:Darwin14.3.0,PHP:5.2.17)
DEBUG	[2015-05-24 02:31:33:709] <21081> inipayhome:/Users/noggong/Documents/2.websource/10.hanwoo_mall/www_ng/mall_new/Provider/INIpay50
DEBUG	[2015-05-24 02:31:33:709] <21081> type:chkfake
DEBUG	[2015-05-24 02:31:33:709] <21081> debug:true
DEBUG	[2015-05-24 02:31:33:709] <21081> enctype:asym
DEBUG	[2015-05-24 02:31:33:709] <21081> admin:1111
DEBUG	[2015-05-24 02:31:33:709] <21081> checkopt:false
DEBUG	[2015-05-24 02:31:33:709] <21081> mid:ydghanwoo1
DEBUG	[2015-05-24 02:31:33:709] <21081> price:27500
DEBUG	[2015-05-24 02:31:33:709] <21081> nointerest:no
DEBUG	[2015-05-24 02:31:33:709] <21081> quotabase:선택:00:02:03:04:05:06:07:08:09:10:11:12
INFO	[2015-05-24 02:31:33:710] <21081> Check Field OK
INFO	[2015-05-24 02:31:33:711] <21081> MERCHANT PRIV KEY LOAD OK
INFO	[2015-05-24 02:31:33:712] <21081> MERCHANT PUB KEY LOAD OK []
INFO	[2015-05-24 02:31:33:714] <21081> CHKFAKE KEY MAKE OK:MjAxNTA1MjQwMjMxMzM3MTM0NTgxNw==

INFO	[2015-05-24 02:31:33:714] <21081> END chkfake  Laptime:[0sec]
INFO	[2015-05-24 02:31:33:714] <21081> ===============================================================
INFO	[2015-05-24 02:31:52:153] <20735> START INIPHP chkfake (V5034-120709)(OS:Darwin14.3.0,PHP:5.2.17)
DEBUG	[2015-05-24 02:31:52:154] <20735> inipayhome:/Users/noggong/Documents/2.websource/10.hanwoo_mall/www_ng/mall_new/Provider/INIpay50
DEBUG	[2015-05-24 02:31:52:154] <20735> type:chkfake
DEBUG	[2015-05-24 02:31:52:154] <20735> debug:true
DEBUG	[2015-05-24 02:31:52:154] <20735> enctype:asym
DEBUG	[2015-05-24 02:31:52:154] <20735> admin:1111
DEBUG	[2015-05-24 02:31:52:154] <20735> checkopt:false
DEBUG	[2015-05-24 02:31:52:154] <20735> mid:ydghanwoo1
DEBUG	[2015-05-24 02:31:52:154] <20735> price:27500
DEBUG	[2015-05-24 02:31:52:154] <20735> nointerest:no
DEBUG	[2015-05-24 02:31:52:154] <20735> quotabase:선택:00:02:03:04:05:06:07:08:09:10:11:12
INFO	[2015-05-24 02:31:52:155] <20735> Check Field OK
INFO	[2015-05-24 02:31:52:156] <20735> MERCHANT PRIV KEY LOAD OK
INFO	[2015-05-24 02:31:52:156] <20735> MERCHANT PUB KEY LOAD OK []
INFO	[2015-05-24 02:31:52:158] <20735> CHKFAKE KEY MAKE OK:MjAxNTA1MjQwMjMxNTIxNTc0NzA0Mg==

INFO	[2015-05-24 02:31:52:158] <20735> END chkfake  Laptime:[0.01sec]
INFO	[2015-05-24 02:31:52:159] <20735> ===============================================================
INFO	[2015-05-24 02:32:39:868] <20726> START INIPHP chkfake (V5034-120709)(OS:Darwin14.3.0,PHP:5.2.17)
DEBUG	[2015-05-24 02:32:39:868] <20726> inipayhome:/Users/noggong/Documents/2.websource/10.hanwoo_mall/www_ng/mall_new/Provider/INIpay50
DEBUG	[2015-05-24 02:32:39:868] <20726> type:chkfake
DEBUG	[2015-05-24 02:32:39:868] <20726> debug:true
DEBUG	[2015-05-24 02:32:39:868] <20726> enctype:asym
DEBUG	[2015-05-24 02:32:39:868] <20726> admin:1111
DEBUG	[2015-05-24 02:32:39:868] <20726> checkopt:false
DEBUG	[2015-05-24 02:32:39:868] <20726> mid:ydghanwoo1
DEBUG	[2015-05-24 02:32:39:868] <20726> price:27500
DEBUG	[2015-05-24 02:32:39:868] <20726> nointerest:no
DEBUG	[2015-05-24 02:32:39:868] <20726> quotabase:선택:00:02:03:04:05:06:07:08:09:10:11:12
INFO	[2015-05-24 02:32:39:868] <20726> Check Field OK
INFO	[2015-05-24 02:32:39:869] <20726> MERCHANT PRIV KEY LOAD OK
INFO	[2015-05-24 02:32:39:869] <20726> MERCHANT PUB KEY LOAD OK []
INFO	[2015-05-24 02:32:39:870] <20726> CHKFAKE KEY MAKE OK:MjAxNTA1MjQwMjMyMzk4NjkxNjQ5MA==

INFO	[2015-05-24 02:32:39:871] <20726> END chkfake  Laptime:[0sec]
INFO	[2015-05-24 02:32:39:871] <20726> ===============================================================
