INFO	[2015-05-19 23:07:29:811] <7732> START INIPHP chkfake (V5034-120709)(OS:Darwin14.3.0,PHP:5.2.17)
DEBUG	[2015-05-19 23:07:29:811] <7732> inipayhome:/Users/noggong/Documents/2.websource/10.hanwoo_mall/www_ng/mall_new/Provider/INIpay50
DEBUG	[2015-05-19 23:07:29:811] <7732> type:chkfake
DEBUG	[2015-05-19 23:07:29:811] <7732> debug:true
DEBUG	[2015-05-19 23:07:29:811] <7732> enctype:asym
DEBUG	[2015-05-19 23:07:29:811] <7732> admin:1111
DEBUG	[2015-05-19 23:07:29:811] <7732> checkopt:false
DEBUG	[2015-05-19 23:07:29:811] <7732> mid:ehddnjs201
DEBUG	[2015-05-19 23:07:29:811] <7732> price:31600
DEBUG	[2015-05-19 23:07:29:811] <7732> nointerest:no
DEBUG	[2015-05-19 23:07:29:811] <7732> quotabase:선택:00:02:03:04:05:06:07:08:09:10:11:12
INFO	[2015-05-19 23:07:29:811] <7732> Check Field OK
INFO	[2015-05-19 23:07:29:811] <7732> MERCHANT PRIV KEY LOAD OK
INFO	[2015-05-19 23:07:29:812] <7732> MERCHANT PUB KEY LOAD OK []
INFO	[2015-05-19 23:07:29:813] <7732> CHKFAKE KEY MAKE OK:MjAxNTA1MTkyMzA3Mjk4MTI3MjA3MA==

INFO	[2015-05-19 23:07:29:813] <7732> END chkfake  Laptime:[0sec]
INFO	[2015-05-19 23:07:29:813] <7732> ===============================================================
INFO	[2015-05-19 23:46:30:620] <8046> START INIPHP chkfake (V5034-120709)(OS:Darwin14.3.0,PHP:5.2.17)
DEBUG	[2015-05-19 23:46:30:620] <8046> inipayhome:/Users/noggong/Documents/2.websource/10.hanwoo_mall/www_ng/mall_new/Provider/INIpay50
DEBUG	[2015-05-19 23:46:30:620] <8046> type:chkfake
DEBUG	[2015-05-19 23:46:30:620] <8046> debug:true
DEBUG	[2015-05-19 23:46:30:620] <8046> enctype:asym
DEBUG	[2015-05-19 23:46:30:620] <8046> admin:1111
DEBUG	[2015-05-19 23:46:30:620] <8046> checkopt:false
DEBUG	[2015-05-19 23:46:30:620] <8046> mid:ehddnjs201
DEBUG	[2015-05-19 23:46:30:620] <8046> price:31600
DEBUG	[2015-05-19 23:46:30:620] <8046> nointerest:no
DEBUG	[2015-05-19 23:46:30:620] <8046> quotabase:선택:00:02:03:04:05:06:07:08:09:10:11:12
INFO	[2015-05-19 23:46:30:620] <8046> Check Field OK
INFO	[2015-05-19 23:46:30:621] <8046> MERCHANT PRIV KEY LOAD OK
INFO	[2015-05-19 23:46:30:621] <8046> MERCHANT PUB KEY LOAD OK []
INFO	[2015-05-19 23:46:30:623] <8046> CHKFAKE KEY MAKE OK:MjAxNTA1MTkyMzQ2MzA2MjIzNDcwNg==

INFO	[2015-05-19 23:46:30:623] <8046> END chkfake  Laptime:[0sec]
INFO	[2015-05-19 23:46:30:623] <8046> ===============================================================
