INFO	[2015-04-26 19:18:48:361] <8996> START INIPHP chkfake (V5034-120709)(OS:Darwin14.1.0,PHP:5.2.17)
DEBUG	[2015-04-26 19:18:48:361] <8996> inipayhome:/Users/noggong/Documents/2.websource/10.hanwoo_mall/www_ng/../INIpay50/
DEBUG	[2015-04-26 19:18:48:361] <8996> type:chkfake
DEBUG	[2015-04-26 19:18:48:361] <8996> debug:true
DEBUG	[2015-04-26 19:18:48:361] <8996> enctype:asym
DEBUG	[2015-04-26 19:18:48:361] <8996> admin:1111
DEBUG	[2015-04-26 19:18:48:361] <8996> checkopt:false
DEBUG	[2015-04-26 19:18:48:361] <8996> mid:
DEBUG	[2015-04-26 19:18:48:361] <8996> price:
DEBUG	[2015-04-26 19:18:48:361] <8996> nointerest:no
DEBUG	[2015-04-26 19:18:48:361] <8996> quotabase:ì„ íƒ:00:02:03:04:05:06:07:08:09:10:11:12
ERROR	[2015-04-26 19:18:48:375] <8996> ÇÊ¼öÇ×¸ñ(mid)ÀÌ ´©¶ôµÇ¾ú½À´Ï´Ù.
INFO	[2015-04-26 19:18:48:375] <8996> END chkfake [TX9202|ÇÊ¼öÇ×¸ñ(mid)ÀÌ ´©¶ôµÇ¾ú½À´Ï´Ù.] Laptime:[0.02sec]
INFO	[2015-04-26 19:18:48:375] <8996> ===============================================================
INFO	[2015-04-26 21:55:13:580] <9594> START INIPHP chkfake (V5034-120709)(OS:Darwin14.1.0,PHP:5.2.17)
DEBUG	[2015-04-26 21:55:13:581] <9594> inipayhome:/Users/noggong/Documents/2.websource/10.hanwoo_mall/www_ng/../INIpay50/
DEBUG	[2015-04-26 21:55:13:581] <9594> type:chkfake
DEBUG	[2015-04-26 21:55:13:581] <9594> debug:true
DEBUG	[2015-04-26 21:55:13:581] <9594> enctype:asym
DEBUG	[2015-04-26 21:55:13:581] <9594> admin:1111
DEBUG	[2015-04-26 21:55:13:581] <9594> checkopt:false
DEBUG	[2015-04-26 21:55:13:581] <9594> mid:
DEBUG	[2015-04-26 21:55:13:581] <9594> price:
DEBUG	[2015-04-26 21:55:13:581] <9594> nointerest:no
DEBUG	[2015-04-26 21:55:13:581] <9594> quotabase:ì„ íƒ:00:02:03:04:05:06:07:08:09:10:11:12
ERROR	[2015-04-26 21:55:13:596] <9594> ÇÊ¼öÇ×¸ñ(mid)ÀÌ ´©¶ôµÇ¾ú½À´Ï´Ù.
INFO	[2015-04-26 21:55:13:596] <9594> END chkfake [TX9202|ÇÊ¼öÇ×¸ñ(mid)ÀÌ ´©¶ôµÇ¾ú½À´Ï´Ù.] Laptime:[0.02sec]
INFO	[2015-04-26 21:55:13:596] <9594> ===============================================================
INFO	[2015-04-26 21:56:27:389] <9529> START INIPHP chkfake (V5034-120709)(OS:Darwin14.1.0,PHP:5.2.17)
DEBUG	[2015-04-26 21:56:27:389] <9529> inipayhome:/Users/noggong/Documents/2.websource/10.hanwoo_mall/www_ng/../INIpay50/
DEBUG	[2015-04-26 21:56:27:389] <9529> type:chkfake
DEBUG	[2015-04-26 21:56:27:389] <9529> debug:true
DEBUG	[2015-04-26 21:56:27:389] <9529> enctype:asym
DEBUG	[2015-04-26 21:56:27:389] <9529> admin:1111
DEBUG	[2015-04-26 21:56:27:389] <9529> checkopt:false
DEBUG	[2015-04-26 21:56:27:389] <9529> mid:
DEBUG	[2015-04-26 21:56:27:389] <9529> price:
DEBUG	[2015-04-26 21:56:27:389] <9529> nointerest:no
DEBUG	[2015-04-26 21:56:27:389] <9529> quotabase:ì„ íƒ:00:02:03:04:05:06:07:08:09:10:11:12
ERROR	[2015-04-26 21:56:27:403] <9529> ÇÊ¼öÇ×¸ñ(mid)ÀÌ ´©¶ôµÇ¾ú½À´Ï´Ù.
INFO	[2015-04-26 21:56:27:403] <9529> END chkfake [TX9202|ÇÊ¼öÇ×¸ñ(mid)ÀÌ ´©¶ôµÇ¾ú½À´Ï´Ù.] Laptime:[0.01sec]
INFO	[2015-04-26 21:56:27:403] <9529> ===============================================================
INFO	[2015-04-26 22:02:14:936] <9529> START INIPHP chkfake (V5034-120709)(OS:Darwin14.1.0,PHP:5.2.17)
DEBUG	[2015-04-26 22:02:14:936] <9529> inipayhome:/Users/noggong/Documents/2.websource/10.hanwoo_mall/www_ng/../INIpay50/
DEBUG	[2015-04-26 22:02:14:936] <9529> type:chkfake
DEBUG	[2015-04-26 22:02:14:936] <9529> debug:true
DEBUG	[2015-04-26 22:02:14:936] <9529> enctype:asym
DEBUG	[2015-04-26 22:02:14:936] <9529> admin:1111
DEBUG	[2015-04-26 22:02:14:936] <9529> checkopt:false
DEBUG	[2015-04-26 22:02:14:936] <9529> mid:
DEBUG	[2015-04-26 22:02:14:936] <9529> price:
DEBUG	[2015-04-26 22:02:14:936] <9529> nointerest:no
DEBUG	[2015-04-26 22:02:14:936] <9529> quotabase:ì„ íƒ:00:02:03:04:05:06:07:08:09:10:11:12
ERROR	[2015-04-26 22:02:14:975] <9529> ÇÊ¼öÇ×¸ñ(mid)ÀÌ ´©¶ôµÇ¾ú½À´Ï´Ù.
INFO	[2015-04-26 22:02:14:975] <9529> END chkfake [TX9202|ÇÊ¼öÇ×¸ñ(mid)ÀÌ ´©¶ôµÇ¾ú½À´Ï´Ù.] Laptime:[0.04sec]
INFO	[2015-04-26 22:02:14:975] <9529> ===============================================================
INFO	[2015-04-26 22:02:29:343] <9527> START INIPHP chkfake (V5034-120709)(OS:Darwin14.1.0,PHP:5.2.17)
DEBUG	[2015-04-26 22:02:29:343] <9527> inipayhome:/Users/noggong/Documents/2.websource/10.hanwoo_mall/www_ng/../INIpay50/
DEBUG	[2015-04-26 22:02:29:343] <9527> type:chkfake
DEBUG	[2015-04-26 22:02:29:343] <9527> debug:true
DEBUG	[2015-04-26 22:02:29:343] <9527> enctype:asym
DEBUG	[2015-04-26 22:02:29:343] <9527> admin:1111
DEBUG	[2015-04-26 22:02:29:343] <9527> checkopt:false
DEBUG	[2015-04-26 22:02:29:343] <9527> mid:
DEBUG	[2015-04-26 22:02:29:343] <9527> price:
DEBUG	[2015-04-26 22:02:29:343] <9527> nointerest:no
DEBUG	[2015-04-26 22:02:29:343] <9527> quotabase:ì„ íƒ:00:02:03:04:05:06:07:08:09:10:11:12
ERROR	[2015-04-26 22:02:29:357] <9527> ÇÊ¼öÇ×¸ñ(mid)ÀÌ ´©¶ôµÇ¾ú½À´Ï´Ù.
INFO	[2015-04-26 22:02:29:358] <9527> END chkfake [TX9202|ÇÊ¼öÇ×¸ñ(mid)ÀÌ ´©¶ôµÇ¾ú½À´Ï´Ù.] Laptime:[0.02sec]
INFO	[2015-04-26 22:02:29:358] <9527> ===============================================================
INFO	[2015-04-26 22:02:49:848] <9612> START INIPHP chkfake (V5034-120709)(OS:Darwin14.1.0,PHP:5.2.17)
DEBUG	[2015-04-26 22:02:49:848] <9612> inipayhome:/Users/noggong/Documents/2.websource/10.hanwoo_mall/www_ng/../INIpay50/
DEBUG	[2015-04-26 22:02:49:848] <9612> type:chkfake
DEBUG	[2015-04-26 22:02:49:848] <9612> debug:true
DEBUG	[2015-04-26 22:02:49:848] <9612> enctype:asym
DEBUG	[2015-04-26 22:02:49:848] <9612> admin:1111
DEBUG	[2015-04-26 22:02:49:848] <9612> checkopt:false
DEBUG	[2015-04-26 22:02:49:848] <9612> mid:
DEBUG	[2015-04-26 22:02:49:848] <9612> price:
DEBUG	[2015-04-26 22:02:49:848] <9612> nointerest:no
DEBUG	[2015-04-26 22:02:49:848] <9612> quotabase:ì„ íƒ:00:02:03:04:05:06:07:08:09:10:11:12
ERROR	[2015-04-26 22:02:49:882] <9612> ÇÊ¼öÇ×¸ñ(mid)ÀÌ ´©¶ôµÇ¾ú½À´Ï´Ù.
INFO	[2015-04-26 22:02:49:882] <9612> END chkfake [TX9202|ÇÊ¼öÇ×¸ñ(mid)ÀÌ ´©¶ôµÇ¾ú½À´Ï´Ù.] Laptime:[0.03sec]
INFO	[2015-04-26 22:02:49:883] <9612> ===============================================================
INFO	[2015-04-26 22:02:57:533] <9529> START INIPHP chkfake (V5034-120709)(OS:Darwin14.1.0,PHP:5.2.17)
DEBUG	[2015-04-26 22:02:57:533] <9529> inipayhome:/Users/noggong/Documents/2.websource/10.hanwoo_mall/www_ng/../INIpay50/
DEBUG	[2015-04-26 22:02:57:533] <9529> type:chkfake
DEBUG	[2015-04-26 22:02:57:533] <9529> debug:true
DEBUG	[2015-04-26 22:02:57:533] <9529> enctype:asym
DEBUG	[2015-04-26 22:02:57:533] <9529> admin:1111
DEBUG	[2015-04-26 22:02:57:533] <9529> checkopt:false
DEBUG	[2015-04-26 22:02:57:533] <9529> mid:
DEBUG	[2015-04-26 22:02:57:533] <9529> price:
DEBUG	[2015-04-26 22:02:57:533] <9529> nointerest:no
DEBUG	[2015-04-26 22:02:57:533] <9529> quotabase:ì„ íƒ:00:02:03:04:05:06:07:08:09:10:11:12
ERROR	[2015-04-26 22:02:57:549] <9529> ÇÊ¼öÇ×¸ñ(mid)ÀÌ ´©¶ôµÇ¾ú½À´Ï´Ù.
INFO	[2015-04-26 22:02:57:549] <9529> END chkfake [TX9202|ÇÊ¼öÇ×¸ñ(mid)ÀÌ ´©¶ôµÇ¾ú½À´Ï´Ù.] Laptime:[0.02sec]
INFO	[2015-04-26 22:02:57:549] <9529> ===============================================================
INFO	[2015-04-26 22:10:46:678] <9615> START INIPHP chkfake (V5034-120709)(OS:Darwin14.1.0,PHP:5.2.17)
DEBUG	[2015-04-26 22:10:46:678] <9615> inipayhome:/Users/noggong/Documents/2.websource/10.hanwoo_mall/www_ng/../INIpay50/
DEBUG	[2015-04-26 22:10:46:678] <9615> type:chkfake
DEBUG	[2015-04-26 22:10:46:678] <9615> debug:true
DEBUG	[2015-04-26 22:10:46:678] <9615> enctype:asym
DEBUG	[2015-04-26 22:10:46:678] <9615> admin:1111
DEBUG	[2015-04-26 22:10:46:678] <9615> checkopt:false
DEBUG	[2015-04-26 22:10:46:678] <9615> mid:
DEBUG	[2015-04-26 22:10:46:678] <9615> price:
DEBUG	[2015-04-26 22:10:46:678] <9615> nointerest:no
DEBUG	[2015-04-26 22:10:46:678] <9615> quotabase:ì„ íƒ:00:02:03:04:05:06:07:08:09:10:11:12
ERROR	[2015-04-26 22:10:46:720] <9615> í•„ìˆ˜í•­ëª©(mid)ì´ ëˆ„ë½ë˜ì—ˆìŠµë‹ˆë‹¤.
INFO	[2015-04-26 22:10:46:720] <9615> END chkfake [TX9202|í•„ìˆ˜í•­ëª©(mid)ì´ ëˆ„ë½ë˜ì—ˆìŠµë‹ˆë‹¤.] Laptime:[0.04sec]
INFO	[2015-04-26 22:10:46:720] <9615> ===============================================================
INFO	[2015-04-26 22:15:29:102] <9605> START INIPHP chkfake (V5034-120709)(OS:Darwin14.1.0,PHP:5.2.17)
DEBUG	[2015-04-26 22:15:29:102] <9605> inipayhome:/Users/noggong/Documents/2.websource/10.hanwoo_mall/www_ng/../INIpay50/
DEBUG	[2015-04-26 22:15:29:102] <9605> type:chkfake
DEBUG	[2015-04-26 22:15:29:102] <9605> debug:true
DEBUG	[2015-04-26 22:15:29:102] <9605> enctype:asym
DEBUG	[2015-04-26 22:15:29:102] <9605> admin:1111
DEBUG	[2015-04-26 22:15:29:102] <9605> checkopt:false
DEBUG	[2015-04-26 22:15:29:102] <9605> mid:
DEBUG	[2015-04-26 22:15:29:102] <9605> price:
DEBUG	[2015-04-26 22:15:29:102] <9605> nointerest:no
DEBUG	[2015-04-26 22:15:29:102] <9605> quotabase:ì„ íƒ:00:02:03:04:05:06:07:08:09:10:11:12
ERROR	[2015-04-26 22:15:29:123] <9605> í•„ìˆ˜í•­ëª©(mid)ì´ ëˆ„ë½ë˜ì—ˆìŠµë‹ˆë‹¤.
INFO	[2015-04-26 22:15:29:123] <9605> END chkfake [TX9202|í•„ìˆ˜í•­ëª©(mid)ì´ ëˆ„ë½ë˜ì—ˆìŠµë‹ˆë‹¤.] Laptime:[0.02sec]
INFO	[2015-04-26 22:15:29:123] <9605> ===============================================================
INFO	[2015-04-26 22:20:04:77] <8972> START INIPHP chkfake (V5034-120709)(OS:Darwin14.1.0,PHP:5.2.17)
DEBUG	[2015-04-26 22:20:04:77] <8972> inipayhome:/Users/noggong/Documents/2.websource/10.hanwoo_mall/www_ng/../INIpay50/
DEBUG	[2015-04-26 22:20:04:77] <8972> type:chkfake
DEBUG	[2015-04-26 22:20:04:77] <8972> debug:true
DEBUG	[2015-04-26 22:20:04:77] <8972> enctype:asym
DEBUG	[2015-04-26 22:20:04:77] <8972> admin:1111
DEBUG	[2015-04-26 22:20:04:77] <8972> checkopt:false
DEBUG	[2015-04-26 22:20:04:77] <8972> mid:
DEBUG	[2015-04-26 22:20:04:77] <8972> price:
DEBUG	[2015-04-26 22:20:04:77] <8972> nointerest:no
DEBUG	[2015-04-26 22:20:04:77] <8972> quotabase:ì„ íƒ:00:02:03:04:05:06:07:08:09:10:11:12
ERROR	[2015-04-26 22:20:04:106] <8972> í•„ìˆ˜í•­ëª©(mid)ì´ ëˆ„ë½ë˜ì—ˆìŠµë‹ˆë‹¤.
INFO	[2015-04-26 22:20:04:106] <8972> END chkfake [TX9202|í•„ìˆ˜í•­ëª©(mid)ì´ ëˆ„ë½ë˜ì—ˆìŠµë‹ˆë‹¤.] Laptime:[0.03sec]
INFO	[2015-04-26 22:20:04:106] <8972> ===============================================================
INFO	[2015-04-26 22:32:33:113] <9615> START INIPHP chkfake (V5034-120709)(OS:Darwin14.1.0,PHP:5.2.17)
DEBUG	[2015-04-26 22:32:33:113] <9615> inipayhome:/Users/noggong/Documents/2.websource/10.hanwoo_mall/www_ng/../INIpay50/
DEBUG	[2015-04-26 22:32:33:113] <9615> type:chkfake
DEBUG	[2015-04-26 22:32:33:113] <9615> debug:true
DEBUG	[2015-04-26 22:32:33:113] <9615> enctype:asym
DEBUG	[2015-04-26 22:32:33:113] <9615> admin:1111
DEBUG	[2015-04-26 22:32:33:113] <9615> checkopt:false
DEBUG	[2015-04-26 22:32:33:113] <9615> mid:
DEBUG	[2015-04-26 22:32:33:113] <9615> price:
DEBUG	[2015-04-26 22:32:33:113] <9615> nointerest:no
DEBUG	[2015-04-26 22:32:33:113] <9615> quotabase:ì„ íƒ:00:02:03:04:05:06:07:08:09:10:11:12
ERROR	[2015-04-26 22:32:33:145] <9615> í•„ìˆ˜í•­ëª©(mid)ì´ ëˆ„ë½ë˜ì—ˆìŠµë‹ˆë‹¤.
INFO	[2015-04-26 22:32:33:146] <9615> END chkfake [TX9202|í•„ìˆ˜í•­ëª©(mid)ì´ ëˆ„ë½ë˜ì—ˆìŠµë‹ˆë‹¤.] Laptime:[0.04sec]
INFO	[2015-04-26 22:32:33:146] <9615> ===============================================================
INFO	[2015-04-26 22:32:45:141] <9733> START INIPHP chkfake (V5034-120709)(OS:Darwin14.1.0,PHP:5.2.17)
DEBUG	[2015-04-26 22:32:45:141] <9733> inipayhome:/Users/noggong/Documents/2.websource/10.hanwoo_mall/www_ng/../INIpay50/
DEBUG	[2015-04-26 22:32:45:141] <9733> type:chkfake
DEBUG	[2015-04-26 22:32:45:141] <9733> debug:true
DEBUG	[2015-04-26 22:32:45:141] <9733> enctype:asym
DEBUG	[2015-04-26 22:32:45:141] <9733> admin:1111
DEBUG	[2015-04-26 22:32:45:141] <9733> checkopt:false
DEBUG	[2015-04-26 22:32:45:141] <9733> mid:
DEBUG	[2015-04-26 22:32:45:141] <9733> price:
DEBUG	[2015-04-26 22:32:45:141] <9733> nointerest:no
DEBUG	[2015-04-26 22:32:45:141] <9733> quotabase:ì„ íƒ:00:02:03:04:05:06:07:08:09:10:11:12
ERROR	[2015-04-26 22:32:45:153] <9733> í•„ìˆ˜í•­ëª©(mid)ì´ ëˆ„ë½ë˜ì—ˆìŠµë‹ˆë‹¤.
INFO	[2015-04-26 22:32:45:153] <9733> END chkfake [TX9202|í•„ìˆ˜í•­ëª©(mid)ì´ ëˆ„ë½ë˜ì—ˆìŠµë‹ˆë‹¤.] Laptime:[0.01sec]
INFO	[2015-04-26 22:32:45:153] <9733> ===============================================================
INFO	[2015-04-26 22:32:53:793] <9734> START INIPHP chkfake (V5034-120709)(OS:Darwin14.1.0,PHP:5.2.17)
DEBUG	[2015-04-26 22:32:53:793] <9734> inipayhome:/Users/noggong/Documents/2.websource/10.hanwoo_mall/www_ng/../INIpay50/
DEBUG	[2015-04-26 22:32:53:793] <9734> type:chkfake
DEBUG	[2015-04-26 22:32:53:793] <9734> debug:true
DEBUG	[2015-04-26 22:32:53:793] <9734> enctype:asym
DEBUG	[2015-04-26 22:32:53:793] <9734> admin:1111
DEBUG	[2015-04-26 22:32:53:793] <9734> checkopt:false
DEBUG	[2015-04-26 22:32:53:793] <9734> mid:
DEBUG	[2015-04-26 22:32:53:793] <9734> price:
DEBUG	[2015-04-26 22:32:53:793] <9734> nointerest:no
DEBUG	[2015-04-26 22:32:53:793] <9734> quotabase:ì„ íƒ:00:02:03:04:05:06:07:08:09:10:11:12
ERROR	[2015-04-26 22:32:53:809] <9734> í•„ìˆ˜í•­ëª©(mid)ì´ ëˆ„ë½ë˜ì—ˆìŠµë‹ˆë‹¤.
INFO	[2015-04-26 22:32:53:809] <9734> END chkfake [TX9202|í•„ìˆ˜í•­ëª©(mid)ì´ ëˆ„ë½ë˜ì—ˆìŠµë‹ˆë‹¤.] Laptime:[0.02sec]
INFO	[2015-04-26 22:32:53:809] <9734> ===============================================================
