INFO	[2015-05-21 19:54:13:34] <14965> START INIPHP chkfake (V5034-120709)(OS:Darwin14.3.0,PHP:5.2.17)
DEBUG	[2015-05-21 19:54:13:35] <14965> inipayhome:/Users/noggong/Documents/2.websource/10.hanwoo_mall/www_ng/mall_new/Provider/INIpay50
DEBUG	[2015-05-21 19:54:13:35] <14965> type:chkfake
DEBUG	[2015-05-21 19:54:13:35] <14965> debug:true
DEBUG	[2015-05-21 19:54:13:35] <14965> enctype:asym
DEBUG	[2015-05-21 19:54:13:35] <14965> admin:1111
DEBUG	[2015-05-21 19:54:13:35] <14965> checkopt:false
DEBUG	[2015-05-21 19:54:13:35] <14965> mid:hanwoo114a
DEBUG	[2015-05-21 19:54:13:35] <14965> price:33000
DEBUG	[2015-05-21 19:54:13:35] <14965> nointerest:no
DEBUG	[2015-05-21 19:54:13:35] <14965> quotabase:선택:00:02:03:04:05:06:07:08:09:10:11:12
INFO	[2015-05-21 19:54:13:35] <14965> Check Field OK
INFO	[2015-05-21 19:54:13:39] <14965> MERCHANT PRIV KEY LOAD OK
INFO	[2015-05-21 19:54:13:42] <14965> MERCHANT PUB KEY LOAD OK []
INFO	[2015-05-21 19:54:13:44] <14965> CHKFAKE KEY MAKE OK:MjAxNTA1MjExOTU0MTMwNDIzNTc3NA==

INFO	[2015-05-21 19:54:13:44] <14965> END chkfake  Laptime:[0.01sec]
INFO	[2015-05-21 19:54:13:45] <14965> ===============================================================
INFO	[2015-05-21 19:55:13:687] <14923> START INIPHP chkfake (V5034-120709)(OS:Darwin14.3.0,PHP:5.2.17)
DEBUG	[2015-05-21 19:55:13:687] <14923> inipayhome:/Users/noggong/Documents/2.websource/10.hanwoo_mall/www_ng/mall_new/Provider/INIpay50
DEBUG	[2015-05-21 19:55:13:687] <14923> type:chkfake
DEBUG	[2015-05-21 19:55:13:687] <14923> debug:true
DEBUG	[2015-05-21 19:55:13:687] <14923> enctype:asym
DEBUG	[2015-05-21 19:55:13:687] <14923> admin:1111
DEBUG	[2015-05-21 19:55:13:687] <14923> checkopt:false
DEBUG	[2015-05-21 19:55:13:687] <14923> mid:hanwoo114a
DEBUG	[2015-05-21 19:55:13:687] <14923> price:33000
DEBUG	[2015-05-21 19:55:13:687] <14923> nointerest:no
DEBUG	[2015-05-21 19:55:13:687] <14923> quotabase:선택:00:02:03:04:05:06:07:08:09:10:11:12
INFO	[2015-05-21 19:55:13:687] <14923> Check Field OK
INFO	[2015-05-21 19:55:13:688] <14923> MERCHANT PRIV KEY LOAD OK
INFO	[2015-05-21 19:55:13:688] <14923> MERCHANT PUB KEY LOAD OK []
INFO	[2015-05-21 19:55:13:689] <14923> CHKFAKE KEY MAKE OK:MjAxNTA1MjExOTU1MTM2ODgxODc0Mg==

INFO	[2015-05-21 19:55:13:689] <14923> END chkfake  Laptime:[0sec]
INFO	[2015-05-21 19:55:13:689] <14923> ===============================================================
