INFO	[2015-05-22 19:35:47:985] <16601> START INIPHP chkfake (V5034-120709)(OS:Darwin14.3.0,PHP:5.2.17)
DEBUG	[2015-05-22 19:35:47:985] <16601> inipayhome:/Users/noggong/Documents/2.websource/10.hanwoo_mall/www_ng/mall_new/Provider/INIpay50
DEBUG	[2015-05-22 19:35:47:985] <16601> type:chkfake
DEBUG	[2015-05-22 19:35:47:985] <16601> debug:true
DEBUG	[2015-05-22 19:35:47:985] <16601> enctype:asym
DEBUG	[2015-05-22 19:35:47:985] <16601> admin:1111
DEBUG	[2015-05-22 19:35:47:985] <16601> checkopt:false
DEBUG	[2015-05-22 19:35:47:985] <16601> mid:hanwoo114a
DEBUG	[2015-05-22 19:35:47:985] <16601> price:33000
DEBUG	[2015-05-22 19:35:47:985] <16601> nointerest:no
DEBUG	[2015-05-22 19:35:47:985] <16601> quotabase:선택:00:02:03:04:05:06:07:08:09:10:11:12
INFO	[2015-05-22 19:35:47:985] <16601> Check Field OK
INFO	[2015-05-22 19:35:47:986] <16601> MERCHANT PRIV KEY LOAD OK
INFO	[2015-05-22 19:35:47:986] <16601> MERCHANT PUB KEY LOAD OK []
INFO	[2015-05-22 19:35:47:988] <16601> CHKFAKE KEY MAKE OK:MjAxNTA1MjIxOTM1NDc5ODY5ODg3OQ==

INFO	[2015-05-22 19:35:47:988] <16601> END chkfake  Laptime:[0.01sec]
INFO	[2015-05-22 19:35:47:988] <16601> ===============================================================
INFO	[2015-05-22 19:36:14:410] <16648> START INIPHP chkfake (V5034-120709)(OS:Darwin14.3.0,PHP:5.2.17)
DEBUG	[2015-05-22 19:36:14:410] <16648> inipayhome:/Users/noggong/Documents/2.websource/10.hanwoo_mall/www_ng/mall_new/Provider/INIpay50
DEBUG	[2015-05-22 19:36:14:410] <16648> type:chkfake
DEBUG	[2015-05-22 19:36:14:410] <16648> debug:true
DEBUG	[2015-05-22 19:36:14:410] <16648> enctype:asym
DEBUG	[2015-05-22 19:36:14:410] <16648> admin:1111
DEBUG	[2015-05-22 19:36:14:410] <16648> checkopt:false
DEBUG	[2015-05-22 19:36:14:410] <16648> mid:hanwoo114a
DEBUG	[2015-05-22 19:36:14:410] <16648> price:33000
DEBUG	[2015-05-22 19:36:14:410] <16648> nointerest:no
DEBUG	[2015-05-22 19:36:14:410] <16648> quotabase:선택:00:02:03:04:05:06:07:08:09:10:11:12
INFO	[2015-05-22 19:36:14:411] <16648> Check Field OK
INFO	[2015-05-22 19:36:14:412] <16648> MERCHANT PRIV KEY LOAD OK
INFO	[2015-05-22 19:36:14:413] <16648> MERCHANT PUB KEY LOAD OK []
INFO	[2015-05-22 19:36:14:415] <16648> CHKFAKE KEY MAKE OK:MjAxNTA1MjIxOTM2MTQ0MTMzODc0Mg==

INFO	[2015-05-22 19:36:14:415] <16648> END chkfake  Laptime:[0.01sec]
INFO	[2015-05-22 19:36:14:415] <16648> ===============================================================
