INFO	[2015-04-26 22:34:29:459] <8972> START INIPHP chkfake (V5034-120709)(OS:Darwin14.1.0,PHP:5.2.17)
DEBUG	[2015-04-26 22:34:29:459] <8972> inipayhome:/Users/noggong/Documents/2.websource/10.hanwoo_mall/www_ng/../INIpay50/
DEBUG	[2015-04-26 22:34:29:459] <8972> type:chkfake
DEBUG	[2015-04-26 22:34:29:459] <8972> debug:true
DEBUG	[2015-04-26 22:34:29:459] <8972> enctype:asym
DEBUG	[2015-04-26 22:34:29:459] <8972> admin:1111
DEBUG	[2015-04-26 22:34:29:459] <8972> checkopt:false
DEBUG	[2015-04-26 22:34:29:459] <8972> mid:hanwoo114a
DEBUG	[2015-04-26 22:34:29:459] <8972> price:
DEBUG	[2015-04-26 22:34:29:459] <8972> nointerest:no
DEBUG	[2015-04-26 22:34:29:459] <8972> quotabase:선택:00:02:03:04:05:06:07:08:09:10:11:12
INFO	[2015-04-26 22:34:29:460] <8972> Check Field OK
INFO	[2015-04-26 22:34:29:466] <8972> MERCHANT PRIV KEY LOAD OK
INFO	[2015-04-26 22:34:29:468] <8972> MERCHANT PUB KEY LOAD OK []
INFO	[2015-04-26 22:34:29:471] <8972> CHKFAKE KEY MAKE OK:MjAxNTA0MjYyMjM0Mjk0NjgzNzI5MA==

INFO	[2015-04-26 22:34:29:471] <8972> END chkfake  Laptime:[0.01sec]
INFO	[2015-04-26 22:34:29:471] <8972> ===============================================================
INFO	[2015-04-26 22:47:23:525] <9751> START INIPHP chkfake (V5034-120709)(OS:Darwin14.1.0,PHP:5.2.17)
DEBUG	[2015-04-26 22:47:23:525] <9751> inipayhome:/Users/noggong/Documents/2.websource/10.hanwoo_mall/www_ng/mall_new/../../INIpay50/
DEBUG	[2015-04-26 22:47:23:525] <9751> type:chkfake
DEBUG	[2015-04-26 22:47:23:525] <9751> debug:true
DEBUG	[2015-04-26 22:47:23:525] <9751> enctype:asym
DEBUG	[2015-04-26 22:47:23:525] <9751> admin:1111
DEBUG	[2015-04-26 22:47:23:525] <9751> checkopt:false
DEBUG	[2015-04-26 22:47:23:525] <9751> mid:hanwoo114a
DEBUG	[2015-04-26 22:47:23:525] <9751> price:
DEBUG	[2015-04-26 22:47:23:525] <9751> nointerest:no
DEBUG	[2015-04-26 22:47:23:525] <9751> quotabase:선택:00:02:03:04:05:06:07:08:09:10:11:12
INFO	[2015-04-26 22:47:23:526] <9751> Check Field OK
INFO	[2015-04-26 22:47:23:526] <9751> MERCHANT PRIV KEY LOAD OK
INFO	[2015-04-26 22:47:23:526] <9751> MERCHANT PUB KEY LOAD OK []
INFO	[2015-04-26 22:47:23:527] <9751> CHKFAKE KEY MAKE OK:MjAxNTA0MjYyMjQ3MjM1MjYyMTMxMw==

INFO	[2015-04-26 22:47:23:527] <9751> END chkfake  Laptime:[0sec]
INFO	[2015-04-26 22:47:23:527] <9751> ===============================================================
INFO	[2015-04-26 22:50:14:557] <9612> START INIPHP chkfake (V5034-120709)(OS:Darwin14.1.0,PHP:5.2.17)
DEBUG	[2015-04-26 22:50:14:558] <9612> inipayhome:/Users/noggong/Documents/2.websource/10.hanwoo_mall/www_ng/mall_new/../../INIpay50/
DEBUG	[2015-04-26 22:50:14:558] <9612> type:chkfake
DEBUG	[2015-04-26 22:50:14:558] <9612> debug:true
DEBUG	[2015-04-26 22:50:14:558] <9612> enctype:asym
DEBUG	[2015-04-26 22:50:14:558] <9612> admin:1111
DEBUG	[2015-04-26 22:50:14:558] <9612> checkopt:false
DEBUG	[2015-04-26 22:50:14:558] <9612> mid:hanwoo114a
DEBUG	[2015-04-26 22:50:14:558] <9612> price:3000
DEBUG	[2015-04-26 22:50:14:558] <9612> nointerest:no
DEBUG	[2015-04-26 22:50:14:558] <9612> quotabase:선택:00:02:03:04:05:06:07:08:09:10:11:12
INFO	[2015-04-26 22:50:14:558] <9612> Check Field OK
INFO	[2015-04-26 22:50:14:558] <9612> MERCHANT PRIV KEY LOAD OK
INFO	[2015-04-26 22:50:14:559] <9612> MERCHANT PUB KEY LOAD OK []
INFO	[2015-04-26 22:50:14:561] <9612> CHKFAKE KEY MAKE OK:MjAxNTA0MjYyMjUwMTQ1NTkyOTQ3NQ==

INFO	[2015-04-26 22:50:14:561] <9612> END chkfake  Laptime:[0sec]
INFO	[2015-04-26 22:50:14:561] <9612> ===============================================================
INFO	[2015-04-26 23:01:23:467] <9764> START INIPHP chkfake (V5034-120709)(OS:Darwin14.1.0,PHP:5.2.17)
DEBUG	[2015-04-26 23:01:23:467] <9764> inipayhome:/Users/noggong/Documents/2.websource/10.hanwoo_mall/www_ng/mall_new/../../INIpay50/
DEBUG	[2015-04-26 23:01:23:467] <9764> type:chkfake
DEBUG	[2015-04-26 23:01:23:467] <9764> debug:true
DEBUG	[2015-04-26 23:01:23:467] <9764> enctype:asym
DEBUG	[2015-04-26 23:01:23:467] <9764> admin:1111
DEBUG	[2015-04-26 23:01:23:467] <9764> checkopt:false
DEBUG	[2015-04-26 23:01:23:467] <9764> mid:hanwoo114a
DEBUG	[2015-04-26 23:01:23:467] <9764> price:3000
DEBUG	[2015-04-26 23:01:23:467] <9764> nointerest:no
DEBUG	[2015-04-26 23:01:23:467] <9764> quotabase:선택:00:02:03:04:05:06:07:08:09:10:11:12
INFO	[2015-04-26 23:01:23:467] <9764> Check Field OK
INFO	[2015-04-26 23:01:23:468] <9764> MERCHANT PRIV KEY LOAD OK
INFO	[2015-04-26 23:01:23:468] <9764> MERCHANT PUB KEY LOAD OK []
INFO	[2015-04-26 23:01:23:469] <9764> CHKFAKE KEY MAKE OK:MjAxNTA0MjYyMzAxMjM0Njg5MzAzNA==

INFO	[2015-04-26 23:01:23:469] <9764> END chkfake  Laptime:[0sec]
INFO	[2015-04-26 23:01:23:469] <9764> ===============================================================
INFO	[2015-04-26 23:01:39:809] <9612> START INIPHP chkfake (V5034-120709)(OS:Darwin14.1.0,PHP:5.2.17)
DEBUG	[2015-04-26 23:01:39:809] <9612> inipayhome:/Users/noggong/Documents/2.websource/10.hanwoo_mall/www_ng/mall_new/../../INIpay50/
DEBUG	[2015-04-26 23:01:39:809] <9612> type:chkfake
DEBUG	[2015-04-26 23:01:39:809] <9612> debug:true
DEBUG	[2015-04-26 23:01:39:809] <9612> enctype:asym
DEBUG	[2015-04-26 23:01:39:809] <9612> admin:1111
DEBUG	[2015-04-26 23:01:39:809] <9612> checkopt:false
DEBUG	[2015-04-26 23:01:39:809] <9612> mid:hanwoo114a
DEBUG	[2015-04-26 23:01:39:809] <9612> price:3000
DEBUG	[2015-04-26 23:01:39:809] <9612> nointerest:no
DEBUG	[2015-04-26 23:01:39:809] <9612> quotabase:선택:00:02:03:04:05:06:07:08:09:10:11:12
INFO	[2015-04-26 23:01:39:809] <9612> Check Field OK
INFO	[2015-04-26 23:01:39:809] <9612> MERCHANT PRIV KEY LOAD OK
INFO	[2015-04-26 23:01:39:810] <9612> MERCHANT PUB KEY LOAD OK []
INFO	[2015-04-26 23:01:39:811] <9612> CHKFAKE KEY MAKE OK:MjAxNTA0MjYyMzAxMzk4MTA0ODQ2OA==

INFO	[2015-04-26 23:01:39:811] <9612> END chkfake  Laptime:[0sec]
INFO	[2015-04-26 23:01:39:811] <9612> ===============================================================
INFO	[2015-04-26 23:06:04:209] <9772> START INIPHP chkfake (V5034-120709)(OS:Darwin14.1.0,PHP:5.2.17)
DEBUG	[2015-04-26 23:06:04:209] <9772> inipayhome:/Users/noggong/Documents/2.websource/10.hanwoo_mall/www_ng/mall_new/../../INIpay50/
DEBUG	[2015-04-26 23:06:04:209] <9772> type:chkfake
DEBUG	[2015-04-26 23:06:04:209] <9772> debug:true
DEBUG	[2015-04-26 23:06:04:209] <9772> enctype:asym
DEBUG	[2015-04-26 23:06:04:209] <9772> admin:1111
DEBUG	[2015-04-26 23:06:04:209] <9772> checkopt:false
DEBUG	[2015-04-26 23:06:04:209] <9772> mid:hanwoo114a
DEBUG	[2015-04-26 23:06:04:209] <9772> price:3000
DEBUG	[2015-04-26 23:06:04:209] <9772> nointerest:no
DEBUG	[2015-04-26 23:06:04:209] <9772> quotabase:선택:00:02:03:04:05:06:07:08:09:10:11:12
INFO	[2015-04-26 23:06:04:209] <9772> Check Field OK
INFO	[2015-04-26 23:06:04:209] <9772> MERCHANT PRIV KEY LOAD OK
INFO	[2015-04-26 23:06:04:210] <9772> MERCHANT PUB KEY LOAD OK []
INFO	[2015-04-26 23:06:04:211] <9772> CHKFAKE KEY MAKE OK:MjAxNTA0MjYyMzA2MDQyMTA1OTA4Nw==

INFO	[2015-04-26 23:06:04:211] <9772> END chkfake  Laptime:[0sec]
INFO	[2015-04-26 23:06:04:211] <9772> ===============================================================
INFO	[2015-04-26 23:10:33:543] <9801> START INIPHP chkfake (V5034-120709)(OS:Darwin14.1.0,PHP:5.2.17)
DEBUG	[2015-04-26 23:10:33:543] <9801> inipayhome:/Users/noggong/Documents/2.websource/10.hanwoo_mall/www_ng/mall_new/../../INIpay50/
DEBUG	[2015-04-26 23:10:33:543] <9801> type:chkfake
DEBUG	[2015-04-26 23:10:33:543] <9801> debug:true
DEBUG	[2015-04-26 23:10:33:543] <9801> enctype:asym
DEBUG	[2015-04-26 23:10:33:543] <9801> admin:1111
DEBUG	[2015-04-26 23:10:33:543] <9801> checkopt:false
DEBUG	[2015-04-26 23:10:33:543] <9801> mid:hanwoo114a
DEBUG	[2015-04-26 23:10:33:543] <9801> price:3000
DEBUG	[2015-04-26 23:10:33:543] <9801> nointerest:no
DEBUG	[2015-04-26 23:10:33:543] <9801> quotabase:선택:00:02:03:04:05:06:07:08:09:10:11:12
INFO	[2015-04-26 23:10:33:543] <9801> Check Field OK
INFO	[2015-04-26 23:10:33:544] <9801> MERCHANT PRIV KEY LOAD OK
INFO	[2015-04-26 23:10:33:544] <9801> MERCHANT PUB KEY LOAD OK []
INFO	[2015-04-26 23:10:33:545] <9801> CHKFAKE KEY MAKE OK:MjAxNTA0MjYyMzEwMzM1NDQ1Mjg4Mw==

INFO	[2015-04-26 23:10:33:545] <9801> END chkfake  Laptime:[0.01sec]
INFO	[2015-04-26 23:10:33:545] <9801> ===============================================================
INFO	[2015-04-26 23:10:50:249] <9733> START INIPHP chkfake (V5034-120709)(OS:Darwin14.1.0,PHP:5.2.17)
DEBUG	[2015-04-26 23:10:50:249] <9733> inipayhome:/Users/noggong/Documents/2.websource/10.hanwoo_mall/www_ng/mall_new/../../INIpay50/
DEBUG	[2015-04-26 23:10:50:249] <9733> type:chkfake
DEBUG	[2015-04-26 23:10:50:249] <9733> debug:true
DEBUG	[2015-04-26 23:10:50:249] <9733> enctype:asym
DEBUG	[2015-04-26 23:10:50:249] <9733> admin:1111
DEBUG	[2015-04-26 23:10:50:249] <9733> checkopt:false
DEBUG	[2015-04-26 23:10:50:249] <9733> mid:hanwoo114a
DEBUG	[2015-04-26 23:10:50:249] <9733> price:3000
DEBUG	[2015-04-26 23:10:50:249] <9733> nointerest:no
DEBUG	[2015-04-26 23:10:50:249] <9733> quotabase:선택:00:02:03:04:05:06:07:08:09:10:11:12
INFO	[2015-04-26 23:10:50:249] <9733> Check Field OK
INFO	[2015-04-26 23:10:50:249] <9733> MERCHANT PRIV KEY LOAD OK
INFO	[2015-04-26 23:10:50:250] <9733> MERCHANT PUB KEY LOAD OK []
INFO	[2015-04-26 23:10:50:251] <9733> CHKFAKE KEY MAKE OK:MjAxNTA0MjYyMzEwNTAyNTA1MDUzNQ==

INFO	[2015-04-26 23:10:50:251] <9733> END chkfake  Laptime:[0sec]
INFO	[2015-04-26 23:10:50:251] <9733> ===============================================================
INFO	[2015-04-26 23:11:13:447] <9808> START INIPHP chkfake (V5034-120709)(OS:Darwin14.1.0,PHP:5.2.17)
DEBUG	[2015-04-26 23:11:13:447] <9808> inipayhome:/Users/noggong/Documents/2.websource/10.hanwoo_mall/www_ng/mall_new/../../INIpay50/
DEBUG	[2015-04-26 23:11:13:447] <9808> type:chkfake
DEBUG	[2015-04-26 23:11:13:447] <9808> debug:true
DEBUG	[2015-04-26 23:11:13:447] <9808> enctype:asym
DEBUG	[2015-04-26 23:11:13:447] <9808> admin:1111
DEBUG	[2015-04-26 23:11:13:447] <9808> checkopt:false
DEBUG	[2015-04-26 23:11:13:447] <9808> mid:hanwoo114a
DEBUG	[2015-04-26 23:11:13:447] <9808> price:3000
DEBUG	[2015-04-26 23:11:13:447] <9808> nointerest:no
DEBUG	[2015-04-26 23:11:13:447] <9808> quotabase:선택:00:02:03:04:05:06:07:08:09:10:11:12
INFO	[2015-04-26 23:11:13:447] <9808> Check Field OK
INFO	[2015-04-26 23:11:13:447] <9808> MERCHANT PRIV KEY LOAD OK
INFO	[2015-04-26 23:11:13:448] <9808> MERCHANT PUB KEY LOAD OK []
INFO	[2015-04-26 23:11:13:449] <9808> CHKFAKE KEY MAKE OK:MjAxNTA0MjYyMzExMTM0NDg3OTQxMg==

INFO	[2015-04-26 23:11:13:449] <9808> END chkfake  Laptime:[0sec]
INFO	[2015-04-26 23:11:13:449] <9808> ===============================================================
INFO	[2015-04-26 23:12:41:797] <9764> START INIPHP chkfake (V5034-120709)(OS:Darwin14.1.0,PHP:5.2.17)
DEBUG	[2015-04-26 23:12:41:797] <9764> inipayhome:/Users/noggong/Documents/2.websource/10.hanwoo_mall/www_ng/mall_new/../../INIpay50/
DEBUG	[2015-04-26 23:12:41:797] <9764> type:chkfake
DEBUG	[2015-04-26 23:12:41:797] <9764> debug:true
DEBUG	[2015-04-26 23:12:41:797] <9764> enctype:asym
DEBUG	[2015-04-26 23:12:41:797] <9764> admin:1111
DEBUG	[2015-04-26 23:12:41:797] <9764> checkopt:false
DEBUG	[2015-04-26 23:12:41:797] <9764> mid:hanwoo114a
DEBUG	[2015-04-26 23:12:41:797] <9764> price:3000
DEBUG	[2015-04-26 23:12:41:797] <9764> nointerest:no
DEBUG	[2015-04-26 23:12:41:797] <9764> quotabase:선택:00:02:03:04:05:06:07:08:09:10:11:12
INFO	[2015-04-26 23:12:41:797] <9764> Check Field OK
INFO	[2015-04-26 23:12:41:797] <9764> MERCHANT PRIV KEY LOAD OK
INFO	[2015-04-26 23:12:41:797] <9764> MERCHANT PUB KEY LOAD OK []
INFO	[2015-04-26 23:12:41:799] <9764> CHKFAKE KEY MAKE OK:MjAxNTA0MjYyMzEyNDE3OTg0ODEyMQ==

INFO	[2015-04-26 23:12:41:799] <9764> END chkfake  Laptime:[0sec]
INFO	[2015-04-26 23:12:41:799] <9764> ===============================================================
INFO	[2015-04-26 23:13:03:207] <9815> START INIPHP chkfake (V5034-120709)(OS:Darwin14.1.0,PHP:5.2.17)
DEBUG	[2015-04-26 23:13:03:207] <9815> inipayhome:/Users/noggong/Documents/2.websource/10.hanwoo_mall/www_ng/mall_new/../../INIpay50/
DEBUG	[2015-04-26 23:13:03:207] <9815> type:chkfake
DEBUG	[2015-04-26 23:13:03:207] <9815> debug:true
DEBUG	[2015-04-26 23:13:03:207] <9815> enctype:asym
DEBUG	[2015-04-26 23:13:03:207] <9815> admin:1111
DEBUG	[2015-04-26 23:13:03:207] <9815> checkopt:false
DEBUG	[2015-04-26 23:13:03:207] <9815> mid:hanwoo114a
DEBUG	[2015-04-26 23:13:03:207] <9815> price:3000
DEBUG	[2015-04-26 23:13:03:207] <9815> nointerest:no
DEBUG	[2015-04-26 23:13:03:207] <9815> quotabase:선택:00:02:03:04:05:06:07:08:09:10:11:12
INFO	[2015-04-26 23:13:03:207] <9815> Check Field OK
INFO	[2015-04-26 23:13:03:207] <9815> MERCHANT PRIV KEY LOAD OK
INFO	[2015-04-26 23:13:03:208] <9815> MERCHANT PUB KEY LOAD OK []
INFO	[2015-04-26 23:13:03:209] <9815> CHKFAKE KEY MAKE OK:MjAxNTA0MjYyMzEzMDMyMDgxNjkzOA==

INFO	[2015-04-26 23:13:03:209] <9815> END chkfake  Laptime:[0sec]
INFO	[2015-04-26 23:13:03:209] <9815> ===============================================================
INFO	[2015-04-26 23:16:04:277] <9816> START INIPHP chkfake (V5034-120709)(OS:Darwin14.1.0,PHP:5.2.17)
DEBUG	[2015-04-26 23:16:04:277] <9816> inipayhome:/Users/noggong/Documents/2.websource/10.hanwoo_mall/www_ng/mall_new/../../INIpay50/
DEBUG	[2015-04-26 23:16:04:277] <9816> type:chkfake
DEBUG	[2015-04-26 23:16:04:277] <9816> debug:true
DEBUG	[2015-04-26 23:16:04:277] <9816> enctype:asym
DEBUG	[2015-04-26 23:16:04:277] <9816> admin:1111
DEBUG	[2015-04-26 23:16:04:277] <9816> checkopt:false
DEBUG	[2015-04-26 23:16:04:277] <9816> mid:hanwoo114a
DEBUG	[2015-04-26 23:16:04:277] <9816> price:3000
DEBUG	[2015-04-26 23:16:04:277] <9816> nointerest:no
DEBUG	[2015-04-26 23:16:04:277] <9816> quotabase:선택:00:02:03:04:05:06:07:08:09:10:11:12
INFO	[2015-04-26 23:16:04:277] <9816> Check Field OK
INFO	[2015-04-26 23:16:04:278] <9816> MERCHANT PRIV KEY LOAD OK
INFO	[2015-04-26 23:16:04:278] <9816> MERCHANT PUB KEY LOAD OK []
INFO	[2015-04-26 23:16:04:279] <9816> CHKFAKE KEY MAKE OK:MjAxNTA0MjYyMzE2MDQyNzg3Mzk0Ng==

INFO	[2015-04-26 23:16:04:279] <9816> END chkfake  Laptime:[0sec]
INFO	[2015-04-26 23:16:04:279] <9816> ===============================================================
INFO	[2015-04-26 23:16:24:563] <9819> START INIPHP chkfake (V5034-120709)(OS:Darwin14.1.0,PHP:5.2.17)
DEBUG	[2015-04-26 23:16:24:563] <9819> inipayhome:/Users/noggong/Documents/2.websource/10.hanwoo_mall/www_ng/mall_new/../../INIpay50/
DEBUG	[2015-04-26 23:16:24:563] <9819> type:chkfake
DEBUG	[2015-04-26 23:16:24:563] <9819> debug:true
DEBUG	[2015-04-26 23:16:24:563] <9819> enctype:asym
DEBUG	[2015-04-26 23:16:24:563] <9819> admin:1111
DEBUG	[2015-04-26 23:16:24:563] <9819> checkopt:false
DEBUG	[2015-04-26 23:16:24:563] <9819> mid:hanwoo114a
DEBUG	[2015-04-26 23:16:24:563] <9819> price:3000
DEBUG	[2015-04-26 23:16:24:563] <9819> nointerest:no
DEBUG	[2015-04-26 23:16:24:563] <9819> quotabase:선택:00:02:03:04:05:06:07:08:09:10:11:12
INFO	[2015-04-26 23:16:24:563] <9819> Check Field OK
INFO	[2015-04-26 23:16:24:564] <9819> MERCHANT PRIV KEY LOAD OK
INFO	[2015-04-26 23:16:24:564] <9819> MERCHANT PUB KEY LOAD OK []
INFO	[2015-04-26 23:16:24:565] <9819> CHKFAKE KEY MAKE OK:MjAxNTA0MjYyMzE2MjQ1NjQyNDAwMQ==

INFO	[2015-04-26 23:16:24:565] <9819> END chkfake  Laptime:[0.01sec]
INFO	[2015-04-26 23:16:24:566] <9819> ===============================================================
INFO	[2015-04-26 23:16:55:652] <9733> START INIPHP chkfake (V5034-120709)(OS:Darwin14.1.0,PHP:5.2.17)
DEBUG	[2015-04-26 23:16:55:652] <9733> inipayhome:/Users/noggong/Documents/2.websource/10.hanwoo_mall/www_ng/mall_new/../../INIpay50/
DEBUG	[2015-04-26 23:16:55:652] <9733> type:chkfake
DEBUG	[2015-04-26 23:16:55:652] <9733> debug:true
DEBUG	[2015-04-26 23:16:55:652] <9733> enctype:asym
DEBUG	[2015-04-26 23:16:55:652] <9733> admin:1111
DEBUG	[2015-04-26 23:16:55:652] <9733> checkopt:false
DEBUG	[2015-04-26 23:16:55:652] <9733> mid:hanwoo114a
DEBUG	[2015-04-26 23:16:55:652] <9733> price:3000
DEBUG	[2015-04-26 23:16:55:652] <9733> nointerest:no
DEBUG	[2015-04-26 23:16:55:652] <9733> quotabase:선택:00:02:03:04:05:06:07:08:09:10:11:12
INFO	[2015-04-26 23:16:55:652] <9733> Check Field OK
INFO	[2015-04-26 23:16:55:652] <9733> MERCHANT PRIV KEY LOAD OK
INFO	[2015-04-26 23:16:55:652] <9733> MERCHANT PUB KEY LOAD OK []
INFO	[2015-04-26 23:16:55:653] <9733> CHKFAKE KEY MAKE OK:MjAxNTA0MjYyMzE2NTU2NTI2MzE5MA==

INFO	[2015-04-26 23:16:55:653] <9733> END chkfake  Laptime:[0sec]
INFO	[2015-04-26 23:16:55:653] <9733> ===============================================================
INFO	[2015-04-26 23:23:18:999] <9814> START INIPHP chkfake (V5034-120709)(OS:Darwin14.1.0,PHP:5.2.17)
DEBUG	[2015-04-26 23:23:18:999] <9814> inipayhome:/Users/noggong/Documents/2.websource/10.hanwoo_mall/www_ng/mall_new/../../INIpay50/
DEBUG	[2015-04-26 23:23:18:999] <9814> type:chkfake
DEBUG	[2015-04-26 23:23:18:999] <9814> debug:true
DEBUG	[2015-04-26 23:23:18:999] <9814> enctype:asym
DEBUG	[2015-04-26 23:23:18:999] <9814> admin:1111
DEBUG	[2015-04-26 23:23:18:999] <9814> checkopt:false
DEBUG	[2015-04-26 23:23:18:999] <9814> mid:hanwoo114a
DEBUG	[2015-04-26 23:23:18:999] <9814> price:3000
DEBUG	[2015-04-26 23:23:18:999] <9814> nointerest:no
DEBUG	[2015-04-26 23:23:18:999] <9814> quotabase:선택:00:02:03:04:05:06:07:08:09:10:11:12
INFO	[2015-04-26 23:23:18:999] <9814> Check Field OK
INFO	[2015-04-26 23:23:19:0] <9814> MERCHANT PRIV KEY LOAD OK
INFO	[2015-04-26 23:23:19:0] <9814> MERCHANT PUB KEY LOAD OK []
INFO	[2015-04-26 23:23:19:1] <9814> CHKFAKE KEY MAKE OK:MjAxNTA0MjYyMzIzMTkwMDA2MjI4OQ==

INFO	[2015-04-26 23:23:19:2] <9814> END chkfake  Laptime:[0sec]
INFO	[2015-04-26 23:23:19:3] <9814> ===============================================================
INFO	[2015-04-26 23:40:19:459] <9819> START INIPHP chkfake (V5034-120709)(OS:Darwin14.1.0,PHP:5.2.17)
DEBUG	[2015-04-26 23:40:19:459] <9819> inipayhome:/Users/noggong/Documents/2.websource/10.hanwoo_mall/www_ng/mall_new/../../INIpay50/
DEBUG	[2015-04-26 23:40:19:459] <9819> type:chkfake
DEBUG	[2015-04-26 23:40:19:459] <9819> debug:true
DEBUG	[2015-04-26 23:40:19:459] <9819> enctype:asym
DEBUG	[2015-04-26 23:40:19:459] <9819> admin:1111
DEBUG	[2015-04-26 23:40:19:459] <9819> checkopt:false
DEBUG	[2015-04-26 23:40:19:459] <9819> mid:hanwoo114a
DEBUG	[2015-04-26 23:40:19:459] <9819> price:3000
DEBUG	[2015-04-26 23:40:19:459] <9819> nointerest:no
DEBUG	[2015-04-26 23:40:19:459] <9819> quotabase:선택:00:02:03:04:05:06:07:08:09:10:11:12
INFO	[2015-04-26 23:40:19:459] <9819> Check Field OK
INFO	[2015-04-26 23:40:19:460] <9819> MERCHANT PRIV KEY LOAD OK
INFO	[2015-04-26 23:40:19:460] <9819> MERCHANT PUB KEY LOAD OK []
INFO	[2015-04-26 23:40:19:462] <9819> CHKFAKE KEY MAKE OK:MjAxNTA0MjYyMzQwMTk0NjE1NTMwNg==

INFO	[2015-04-26 23:40:19:462] <9819> END chkfake  Laptime:[0sec]
INFO	[2015-04-26 23:40:19:462] <9819> ===============================================================
INFO	[2015-04-26 23:40:34:982] <9816> START INIPHP chkfake (V5034-120709)(OS:Darwin14.1.0,PHP:5.2.17)
DEBUG	[2015-04-26 23:40:34:982] <9816> inipayhome:/Users/noggong/Documents/2.websource/10.hanwoo_mall/www_ng/mall_new/../../INIpay50/
DEBUG	[2015-04-26 23:40:34:982] <9816> type:chkfake
DEBUG	[2015-04-26 23:40:34:982] <9816> debug:true
DEBUG	[2015-04-26 23:40:34:982] <9816> enctype:asym
DEBUG	[2015-04-26 23:40:34:982] <9816> admin:1111
DEBUG	[2015-04-26 23:40:34:982] <9816> checkopt:false
DEBUG	[2015-04-26 23:40:34:982] <9816> mid:hanwoo114a
DEBUG	[2015-04-26 23:40:34:982] <9816> price:3000
DEBUG	[2015-04-26 23:40:34:982] <9816> nointerest:no
DEBUG	[2015-04-26 23:40:34:982] <9816> quotabase:선택:00:02:03:04:05:06:07:08:09:10:11:12
INFO	[2015-04-26 23:40:34:982] <9816> Check Field OK
INFO	[2015-04-26 23:40:34:983] <9816> MERCHANT PRIV KEY LOAD OK
INFO	[2015-04-26 23:40:34:983] <9816> MERCHANT PUB KEY LOAD OK []
INFO	[2015-04-26 23:40:34:984] <9816> CHKFAKE KEY MAKE OK:MjAxNTA0MjYyMzQwMzQ5ODM2MDEyMw==

INFO	[2015-04-26 23:40:34:984] <9816> END chkfake  Laptime:[0sec]
INFO	[2015-04-26 23:40:34:984] <9816> ===============================================================
INFO	[2015-04-26 23:42:14:16] <9733> START INIPHP chkfake (V5034-120709)(OS:Darwin14.1.0,PHP:5.2.17)
DEBUG	[2015-04-26 23:42:14:16] <9733> inipayhome:/Users/noggong/Documents/2.websource/10.hanwoo_mall/www_ng/mall_new/../../INIpay50/
DEBUG	[2015-04-26 23:42:14:16] <9733> type:chkfake
DEBUG	[2015-04-26 23:42:14:16] <9733> debug:true
DEBUG	[2015-04-26 23:42:14:16] <9733> enctype:asym
DEBUG	[2015-04-26 23:42:14:16] <9733> admin:1111
DEBUG	[2015-04-26 23:42:14:16] <9733> checkopt:false
DEBUG	[2015-04-26 23:42:14:16] <9733> mid:hanwoo114a
DEBUG	[2015-04-26 23:42:14:16] <9733> price:3000
DEBUG	[2015-04-26 23:42:14:16] <9733> nointerest:no
DEBUG	[2015-04-26 23:42:14:16] <9733> quotabase:선택:00:02:03:04:05:06:07:08:09:10:11:12
INFO	[2015-04-26 23:42:14:16] <9733> Check Field OK
INFO	[2015-04-26 23:42:14:17] <9733> MERCHANT PRIV KEY LOAD OK
INFO	[2015-04-26 23:42:14:17] <9733> MERCHANT PUB KEY LOAD OK []
INFO	[2015-04-26 23:42:14:18] <9733> CHKFAKE KEY MAKE OK:MjAxNTA0MjYyMzQyMTQwMTc1MDg4OA==

INFO	[2015-04-26 23:42:14:18] <9733> END chkfake  Laptime:[0sec]
INFO	[2015-04-26 23:42:14:18] <9733> ===============================================================
INFO	[2015-04-26 23:46:41:546] <9858> START INIPHP chkfake (V5034-120709)(OS:Darwin14.1.0,PHP:5.2.17)
DEBUG	[2015-04-26 23:46:41:546] <9858> inipayhome:/Users/noggong/Documents/2.websource/10.hanwoo_mall/www_ng/mall_new/../../INIpay50/
DEBUG	[2015-04-26 23:46:41:546] <9858> type:chkfake
DEBUG	[2015-04-26 23:46:41:546] <9858> debug:true
DEBUG	[2015-04-26 23:46:41:546] <9858> enctype:asym
DEBUG	[2015-04-26 23:46:41:546] <9858> admin:1111
DEBUG	[2015-04-26 23:46:41:546] <9858> checkopt:false
DEBUG	[2015-04-26 23:46:41:546] <9858> mid:hanwoo114a
DEBUG	[2015-04-26 23:46:41:546] <9858> price:3000
DEBUG	[2015-04-26 23:46:41:546] <9858> nointerest:no
DEBUG	[2015-04-26 23:46:41:546] <9858> quotabase:선택:00:02:03:04:05:06:07:08:09:10:11:12
INFO	[2015-04-26 23:46:41:547] <9858> Check Field OK
INFO	[2015-04-26 23:46:41:547] <9858> MERCHANT PRIV KEY LOAD OK
INFO	[2015-04-26 23:46:41:547] <9858> MERCHANT PUB KEY LOAD OK []
INFO	[2015-04-26 23:46:41:548] <9858> CHKFAKE KEY MAKE OK:MjAxNTA0MjYyMzQ2NDE1NDc0MzgzNQ==

INFO	[2015-04-26 23:46:41:549] <9858> END chkfake  Laptime:[0sec]
INFO	[2015-04-26 23:46:41:549] <9858> ===============================================================
INFO	[2015-04-26 23:46:44:535] <9858> START INIPHP chkfake (V5034-120709)(OS:Darwin14.1.0,PHP:5.2.17)
DEBUG	[2015-04-26 23:46:44:535] <9858> inipayhome:/Users/noggong/Documents/2.websource/10.hanwoo_mall/www_ng/mall_new/../../INIpay50/
DEBUG	[2015-04-26 23:46:44:535] <9858> type:chkfake
DEBUG	[2015-04-26 23:46:44:535] <9858> debug:true
DEBUG	[2015-04-26 23:46:44:535] <9858> enctype:asym
DEBUG	[2015-04-26 23:46:44:535] <9858> admin:1111
DEBUG	[2015-04-26 23:46:44:535] <9858> checkopt:false
DEBUG	[2015-04-26 23:46:44:535] <9858> mid:hanwoo114a
DEBUG	[2015-04-26 23:46:44:535] <9858> price:3000
DEBUG	[2015-04-26 23:46:44:535] <9858> nointerest:no
DEBUG	[2015-04-26 23:46:44:535] <9858> quotabase:선택:00:02:03:04:05:06:07:08:09:10:11:12
INFO	[2015-04-26 23:46:44:535] <9858> Check Field OK
INFO	[2015-04-26 23:46:44:535] <9858> MERCHANT PRIV KEY LOAD OK
INFO	[2015-04-26 23:46:44:535] <9858> MERCHANT PUB KEY LOAD OK []
INFO	[2015-04-26 23:46:44:536] <9858> CHKFAKE KEY MAKE OK:MjAxNTA0MjYyMzQ2NDQ1MzU4MTM5Mg==

INFO	[2015-04-26 23:46:44:537] <9858> END chkfake  Laptime:[0.01sec]
INFO	[2015-04-26 23:46:44:537] <9858> ===============================================================
INFO	[2015-04-26 23:51:23:450] <9882> START INIPHP chkfake (V5034-120709)(OS:Darwin14.1.0,PHP:5.2.17)
DEBUG	[2015-04-26 23:51:23:451] <9882> inipayhome:/Users/noggong/Documents/2.websource/10.hanwoo_mall/www_ng/mall_new/../../INIpay50/
DEBUG	[2015-04-26 23:51:23:451] <9882> type:chkfake
DEBUG	[2015-04-26 23:51:23:451] <9882> debug:true
DEBUG	[2015-04-26 23:51:23:451] <9882> enctype:asym
DEBUG	[2015-04-26 23:51:23:451] <9882> admin:1111
DEBUG	[2015-04-26 23:51:23:451] <9882> checkopt:false
DEBUG	[2015-04-26 23:51:23:451] <9882> mid:hanwoo114a
DEBUG	[2015-04-26 23:51:23:451] <9882> price:3000
DEBUG	[2015-04-26 23:51:23:451] <9882> nointerest:no
DEBUG	[2015-04-26 23:51:23:451] <9882> quotabase:선택:00:02:03:04:05:06:07:08:09:10:11:12
INFO	[2015-04-26 23:51:23:451] <9882> Check Field OK
INFO	[2015-04-26 23:51:23:451] <9882> MERCHANT PRIV KEY LOAD OK
INFO	[2015-04-26 23:51:23:451] <9882> MERCHANT PUB KEY LOAD OK []
INFO	[2015-04-26 23:51:23:453] <9882> CHKFAKE KEY MAKE OK:MjAxNTA0MjYyMzUxMjM0NTI4ODY2Nw==

INFO	[2015-04-26 23:51:23:453] <9882> END chkfake  Laptime:[0sec]
INFO	[2015-04-26 23:51:23:453] <9882> ===============================================================
INFO	[2015-04-26 23:51:55:596] <9816> START INIPHP chkfake (V5034-120709)(OS:Darwin14.1.0,PHP:5.2.17)
DEBUG	[2015-04-26 23:51:55:596] <9816> inipayhome:/Users/noggong/Documents/2.websource/10.hanwoo_mall/www_ng/mall_new/../../INIpay50/
DEBUG	[2015-04-26 23:51:55:596] <9816> type:chkfake
DEBUG	[2015-04-26 23:51:55:596] <9816> debug:true
DEBUG	[2015-04-26 23:51:55:596] <9816> enctype:asym
DEBUG	[2015-04-26 23:51:55:596] <9816> admin:1111
DEBUG	[2015-04-26 23:51:55:596] <9816> checkopt:false
DEBUG	[2015-04-26 23:51:55:596] <9816> mid:hanwoo114a
DEBUG	[2015-04-26 23:51:55:596] <9816> price:3000
DEBUG	[2015-04-26 23:51:55:596] <9816> nointerest:no
DEBUG	[2015-04-26 23:51:55:596] <9816> quotabase:선택:00:02:03:04:05:06:07:08:09:10:11:12
INFO	[2015-04-26 23:51:55:596] <9816> Check Field OK
INFO	[2015-04-26 23:51:55:596] <9816> MERCHANT PRIV KEY LOAD OK
INFO	[2015-04-26 23:51:55:596] <9816> MERCHANT PUB KEY LOAD OK []
INFO	[2015-04-26 23:51:55:598] <9816> CHKFAKE KEY MAKE OK:MjAxNTA0MjYyMzUxNTU1OTcyNjQxNg==

INFO	[2015-04-26 23:51:55:598] <9816> END chkfake  Laptime:[0sec]
INFO	[2015-04-26 23:51:55:598] <9816> ===============================================================
INFO	[2015-04-26 23:53:21:591] <9858> START INIPHP chkfake (V5034-120709)(OS:Darwin14.1.0,PHP:5.2.17)
DEBUG	[2015-04-26 23:53:21:591] <9858> inipayhome:/Users/noggong/Documents/2.websource/10.hanwoo_mall/www_ng/mall_new/../../INIpay50/
DEBUG	[2015-04-26 23:53:21:591] <9858> type:chkfake
DEBUG	[2015-04-26 23:53:21:591] <9858> debug:true
DEBUG	[2015-04-26 23:53:21:591] <9858> enctype:asym
DEBUG	[2015-04-26 23:53:21:591] <9858> admin:1111
DEBUG	[2015-04-26 23:53:21:591] <9858> checkopt:false
DEBUG	[2015-04-26 23:53:21:591] <9858> mid:hanwoo114a
DEBUG	[2015-04-26 23:53:21:591] <9858> price:3000
DEBUG	[2015-04-26 23:53:21:591] <9858> nointerest:no
DEBUG	[2015-04-26 23:53:21:591] <9858> quotabase:선택:00:02:03:04:05:06:07:08:09:10:11:12
INFO	[2015-04-26 23:53:21:591] <9858> Check Field OK
INFO	[2015-04-26 23:53:21:592] <9858> MERCHANT PRIV KEY LOAD OK
INFO	[2015-04-26 23:53:21:592] <9858> MERCHANT PUB KEY LOAD OK []
INFO	[2015-04-26 23:53:21:594] <9858> CHKFAKE KEY MAKE OK:MjAxNTA0MjYyMzUzMjE1OTI5Mjc5Mg==

INFO	[2015-04-26 23:53:21:594] <9858> END chkfake  Laptime:[0sec]
INFO	[2015-04-26 23:53:21:594] <9858> ===============================================================
INFO	[2015-04-26 23:53:26:670] <9882> START INIPHP chkfake (V5034-120709)(OS:Darwin14.1.0,PHP:5.2.17)
DEBUG	[2015-04-26 23:53:26:671] <9882> inipayhome:/Users/noggong/Documents/2.websource/10.hanwoo_mall/www_ng/mall_new/../../INIpay50/
DEBUG	[2015-04-26 23:53:26:671] <9882> type:chkfake
DEBUG	[2015-04-26 23:53:26:671] <9882> debug:true
DEBUG	[2015-04-26 23:53:26:671] <9882> enctype:asym
DEBUG	[2015-04-26 23:53:26:671] <9882> admin:1111
DEBUG	[2015-04-26 23:53:26:671] <9882> checkopt:false
DEBUG	[2015-04-26 23:53:26:671] <9882> mid:hanwoo114a
DEBUG	[2015-04-26 23:53:26:671] <9882> price:3000
DEBUG	[2015-04-26 23:53:26:671] <9882> nointerest:no
DEBUG	[2015-04-26 23:53:26:671] <9882> quotabase:선택:00:02:03:04:05:06:07:08:09:10:11:12
INFO	[2015-04-26 23:53:26:671] <9882> Check Field OK
INFO	[2015-04-26 23:53:26:671] <9882> MERCHANT PRIV KEY LOAD OK
INFO	[2015-04-26 23:53:26:672] <9882> MERCHANT PUB KEY LOAD OK []
INFO	[2015-04-26 23:53:26:673] <9882> CHKFAKE KEY MAKE OK:MjAxNTA0MjYyMzUzMjY2NzI3MjY1NA==

INFO	[2015-04-26 23:53:26:673] <9882> END chkfake  Laptime:[0sec]
INFO	[2015-04-26 23:53:26:673] <9882> ===============================================================
INFO	[2015-04-26 23:55:05:616] <9827> START INIPHP chkfake (V5034-120709)(OS:Darwin14.1.0,PHP:5.2.17)
DEBUG	[2015-04-26 23:55:05:616] <9827> inipayhome:/Users/noggong/Documents/2.websource/10.hanwoo_mall/www_ng/mall_new/../../INIpay50/
DEBUG	[2015-04-26 23:55:05:616] <9827> type:chkfake
DEBUG	[2015-04-26 23:55:05:616] <9827> debug:true
DEBUG	[2015-04-26 23:55:05:616] <9827> enctype:asym
DEBUG	[2015-04-26 23:55:05:616] <9827> admin:1111
DEBUG	[2015-04-26 23:55:05:616] <9827> checkopt:false
DEBUG	[2015-04-26 23:55:05:616] <9827> mid:hanwoo114a
DEBUG	[2015-04-26 23:55:05:616] <9827> price:3000
DEBUG	[2015-04-26 23:55:05:616] <9827> nointerest:no
DEBUG	[2015-04-26 23:55:05:616] <9827> quotabase:선택:00:02:03:04:05:06:07:08:09:10:11:12
INFO	[2015-04-26 23:55:05:616] <9827> Check Field OK
INFO	[2015-04-26 23:55:05:617] <9827> MERCHANT PRIV KEY LOAD OK
INFO	[2015-04-26 23:55:05:617] <9827> MERCHANT PUB KEY LOAD OK []
INFO	[2015-04-26 23:55:05:618] <9827> CHKFAKE KEY MAKE OK:MjAxNTA0MjYyMzU1MDU2MTcyOTAxOQ==

INFO	[2015-04-26 23:55:05:618] <9827> END chkfake  Laptime:[0sec]
INFO	[2015-04-26 23:55:05:618] <9827> ===============================================================
