INFO	[2015-05-23 17:57:20:882] <18942> START INIPHP chkfake (V5034-120709)(OS:Darwin14.3.0,PHP:5.2.17)
DEBUG	[2015-05-23 17:57:20:882] <18942> inipayhome:/Users/noggong/Documents/2.websource/10.hanwoo_mall/www_ng/mall_new/Provider/INIpay50
DEBUG	[2015-05-23 17:57:20:882] <18942> type:chkfake
DEBUG	[2015-05-23 17:57:20:882] <18942> debug:true
DEBUG	[2015-05-23 17:57:20:882] <18942> enctype:asym
DEBUG	[2015-05-23 17:57:20:882] <18942> admin:1111
DEBUG	[2015-05-23 17:57:20:882] <18942> checkopt:false
DEBUG	[2015-05-23 17:57:20:882] <18942> mid:ydghanwoo1
DEBUG	[2015-05-23 17:57:20:882] <18942> price:41000
DEBUG	[2015-05-23 17:57:20:882] <18942> nointerest:no
DEBUG	[2015-05-23 17:57:20:882] <18942> quotabase:선택:00:02:03:04:05:06:07:08:09:10:11:12
INFO	[2015-05-23 17:57:20:882] <18942> Check Field OK
INFO	[2015-05-23 17:57:20:883] <18942> MERCHANT PRIV KEY LOAD OK
INFO	[2015-05-23 17:57:20:884] <18942> MERCHANT PUB KEY LOAD OK []
INFO	[2015-05-23 17:57:20:886] <18942> CHKFAKE KEY MAKE OK:MjAxNTA1MjMxNzU3MjA4ODU5ODU4Mg==

INFO	[2015-05-23 17:57:20:886] <18942> END chkfake  Laptime:[0.01sec]
INFO	[2015-05-23 17:57:20:886] <18942> ===============================================================
INFO	[2015-05-23 17:58:41:108] <18936> START INIPHP chkfake (V5034-120709)(OS:Darwin14.3.0,PHP:5.2.17)
DEBUG	[2015-05-23 17:58:41:108] <18936> inipayhome:/Users/noggong/Documents/2.websource/10.hanwoo_mall/www_ng/mall_new/Provider/INIpay50
DEBUG	[2015-05-23 17:58:41:108] <18936> type:chkfake
DEBUG	[2015-05-23 17:58:41:108] <18936> debug:true
DEBUG	[2015-05-23 17:58:41:108] <18936> enctype:asym
DEBUG	[2015-05-23 17:58:41:108] <18936> admin:1111
DEBUG	[2015-05-23 17:58:41:108] <18936> checkopt:false
DEBUG	[2015-05-23 17:58:41:108] <18936> mid:ydghanwoo1
DEBUG	[2015-05-23 17:58:41:108] <18936> price:41000
DEBUG	[2015-05-23 17:58:41:108] <18936> nointerest:no
DEBUG	[2015-05-23 17:58:41:108] <18936> quotabase:선택:00:02:03:04:05:06:07:08:09:10:11:12
INFO	[2015-05-23 17:58:41:109] <18936> Check Field OK
INFO	[2015-05-23 17:58:41:109] <18936> MERCHANT PRIV KEY LOAD OK
INFO	[2015-05-23 17:58:41:109] <18936> MERCHANT PUB KEY LOAD OK []
INFO	[2015-05-23 17:58:41:110] <18936> CHKFAKE KEY MAKE OK:MjAxNTA1MjMxNzU4NDExMDk0NjM0NA==

INFO	[2015-05-23 17:58:41:111] <18936> END chkfake  Laptime:[0sec]
INFO	[2015-05-23 17:58:41:111] <18936> ===============================================================
INFO	[2015-05-23 19:32:34:100] <19494> START INIPHP chkfake (V5034-120709)(OS:Darwin14.3.0,PHP:5.2.17)
DEBUG	[2015-05-23 19:32:34:100] <19494> inipayhome:/Users/noggong/Documents/2.websource/10.hanwoo_mall/www_ng/mall_new/Provider/INIpay50
DEBUG	[2015-05-23 19:32:34:100] <19494> type:chkfake
DEBUG	[2015-05-23 19:32:34:100] <19494> debug:true
DEBUG	[2015-05-23 19:32:34:100] <19494> enctype:asym
DEBUG	[2015-05-23 19:32:34:100] <19494> admin:1111
DEBUG	[2015-05-23 19:32:34:100] <19494> checkopt:false
DEBUG	[2015-05-23 19:32:34:100] <19494> mid:ydghanwoo1
DEBUG	[2015-05-23 19:32:34:100] <19494> price:11500
DEBUG	[2015-05-23 19:32:34:100] <19494> nointerest:no
DEBUG	[2015-05-23 19:32:34:100] <19494> quotabase:선택:00:02:03:04:05:06:07:08:09:10:11:12
INFO	[2015-05-23 19:32:34:100] <19494> Check Field OK
INFO	[2015-05-23 19:32:34:102] <19494> MERCHANT PRIV KEY LOAD OK
INFO	[2015-05-23 19:32:34:102] <19494> MERCHANT PUB KEY LOAD OK []
INFO	[2015-05-23 19:32:34:104] <19494> CHKFAKE KEY MAKE OK:MjAxNTA1MjMxOTMyMzQxMDM0MzkwNw==

INFO	[2015-05-23 19:32:34:104] <19494> END chkfake  Laptime:[0sec]
INFO	[2015-05-23 19:32:34:104] <19494> ===============================================================
INFO	[2015-05-23 19:41:34:441] <19502> START INIPHP chkfake (V5034-120709)(OS:Darwin14.3.0,PHP:5.2.17)
DEBUG	[2015-05-23 19:41:34:441] <19502> inipayhome:/Users/noggong/Documents/2.websource/10.hanwoo_mall/www_ng/mall_new/Provider/INIpay50
DEBUG	[2015-05-23 19:41:34:441] <19502> type:chkfake
DEBUG	[2015-05-23 19:41:34:441] <19502> debug:true
DEBUG	[2015-05-23 19:41:34:441] <19502> enctype:asym
DEBUG	[2015-05-23 19:41:34:441] <19502> admin:1111
DEBUG	[2015-05-23 19:41:34:441] <19502> checkopt:false
DEBUG	[2015-05-23 19:41:34:441] <19502> mid:ydghanwoo1
DEBUG	[2015-05-23 19:41:34:441] <19502> price:47500
DEBUG	[2015-05-23 19:41:34:441] <19502> nointerest:no
DEBUG	[2015-05-23 19:41:34:441] <19502> quotabase:선택:00:02:03:04:05:06:07:08:09:10:11:12
INFO	[2015-05-23 19:41:34:442] <19502> Check Field OK
INFO	[2015-05-23 19:41:34:442] <19502> MERCHANT PRIV KEY LOAD OK
INFO	[2015-05-23 19:41:34:443] <19502> MERCHANT PUB KEY LOAD OK []
INFO	[2015-05-23 19:41:34:445] <19502> CHKFAKE KEY MAKE OK:MjAxNTA1MjMxOTQxMzQ0NDM0ODU5Mw==

INFO	[2015-05-23 19:41:34:445] <19502> END chkfake  Laptime:[0.01sec]
INFO	[2015-05-23 19:41:34:445] <19502> ===============================================================
INFO	[2015-05-23 19:57:29:234] <19495> START INIPHP chkfake (V5034-120709)(OS:Darwin14.3.0,PHP:5.2.17)
DEBUG	[2015-05-23 19:57:29:234] <19495> inipayhome:/Users/noggong/Documents/2.websource/10.hanwoo_mall/www_ng/mall_new/Provider/INIpay50
DEBUG	[2015-05-23 19:57:29:234] <19495> type:chkfake
DEBUG	[2015-05-23 19:57:29:234] <19495> debug:true
DEBUG	[2015-05-23 19:57:29:234] <19495> enctype:asym
DEBUG	[2015-05-23 19:57:29:234] <19495> admin:1111
DEBUG	[2015-05-23 19:57:29:234] <19495> checkopt:false
DEBUG	[2015-05-23 19:57:29:234] <19495> mid:ydghanwoo1
DEBUG	[2015-05-23 19:57:29:234] <19495> price:11500
DEBUG	[2015-05-23 19:57:29:234] <19495> nointerest:no
DEBUG	[2015-05-23 19:57:29:234] <19495> quotabase:선택:00:02:03:04:05:06:07:08:09:10:11:12
INFO	[2015-05-23 19:57:29:234] <19495> Check Field OK
INFO	[2015-05-23 19:57:29:235] <19495> MERCHANT PRIV KEY LOAD OK
INFO	[2015-05-23 19:57:29:236] <19495> MERCHANT PUB KEY LOAD OK []
INFO	[2015-05-23 19:57:29:237] <19495> CHKFAKE KEY MAKE OK:MjAxNTA1MjMxOTU3MjkyMzc2NDM4Mg==

INFO	[2015-05-23 19:57:29:238] <19495> END chkfake  Laptime:[0.01sec]
INFO	[2015-05-23 19:57:29:238] <19495> ===============================================================
INFO	[2015-05-23 19:59:25:103] <19554> START INIPHP chkfake (V5034-120709)(OS:Darwin14.3.0,PHP:5.2.17)
DEBUG	[2015-05-23 19:59:25:103] <19554> inipayhome:/Users/noggong/Documents/2.websource/10.hanwoo_mall/www_ng/mall_new/Provider/INIpay50
DEBUG	[2015-05-23 19:59:25:103] <19554> type:chkfake
DEBUG	[2015-05-23 19:59:25:103] <19554> debug:true
DEBUG	[2015-05-23 19:59:25:103] <19554> enctype:asym
DEBUG	[2015-05-23 19:59:25:103] <19554> admin:1111
DEBUG	[2015-05-23 19:59:25:103] <19554> checkopt:false
DEBUG	[2015-05-23 19:59:25:103] <19554> mid:ydghanwoo1
DEBUG	[2015-05-23 19:59:25:103] <19554> price:38500
DEBUG	[2015-05-23 19:59:25:103] <19554> nointerest:no
DEBUG	[2015-05-23 19:59:25:103] <19554> quotabase:선택:00:02:03:04:05:06:07:08:09:10:11:12
INFO	[2015-05-23 19:59:25:103] <19554> Check Field OK
INFO	[2015-05-23 19:59:25:103] <19554> MERCHANT PRIV KEY LOAD OK
INFO	[2015-05-23 19:59:25:104] <19554> MERCHANT PUB KEY LOAD OK []
INFO	[2015-05-23 19:59:25:105] <19554> CHKFAKE KEY MAKE OK:MjAxNTA1MjMxOTU5MjUxMDQ5MzM0OA==

INFO	[2015-05-23 19:59:25:105] <19554> END chkfake  Laptime:[0.01sec]
INFO	[2015-05-23 19:59:25:105] <19554> ===============================================================
INFO	[2015-05-23 22:35:22:744] <20156> START INIPHP chkfake (V5034-120709)(OS:Darwin14.3.0,PHP:5.2.17)
DEBUG	[2015-05-23 22:35:22:745] <20156> inipayhome:/Users/noggong/Documents/2.websource/10.hanwoo_mall/www_ng/mall_new/Provider/INIpay50
DEBUG	[2015-05-23 22:35:22:745] <20156> type:chkfake
DEBUG	[2015-05-23 22:35:22:745] <20156> debug:true
DEBUG	[2015-05-23 22:35:22:745] <20156> enctype:asym
DEBUG	[2015-05-23 22:35:22:745] <20156> admin:1111
DEBUG	[2015-05-23 22:35:22:745] <20156> checkopt:false
DEBUG	[2015-05-23 22:35:22:745] <20156> mid:ydghanwoo1
DEBUG	[2015-05-23 22:35:22:745] <20156> price:162500
DEBUG	[2015-05-23 22:35:22:745] <20156> nointerest:no
DEBUG	[2015-05-23 22:35:22:745] <20156> quotabase:선택:00:02:03:04:05:06:07:08:09:10:11:12
INFO	[2015-05-23 22:35:22:745] <20156> Check Field OK
INFO	[2015-05-23 22:35:22:745] <20156> MERCHANT PRIV KEY LOAD OK
INFO	[2015-05-23 22:35:22:746] <20156> MERCHANT PUB KEY LOAD OK []
INFO	[2015-05-23 22:35:22:747] <20156> CHKFAKE KEY MAKE OK:MjAxNTA1MjMyMjM1MjI3NDY1NTQwMg==

INFO	[2015-05-23 22:35:22:747] <20156> END chkfake  Laptime:[0.01sec]
INFO	[2015-05-23 22:35:22:747] <20156> ===============================================================
INFO	[2015-05-23 22:40:02:363] <20150> START INIPHP chkfake (V5034-120709)(OS:Darwin14.3.0,PHP:5.2.17)
DEBUG	[2015-05-23 22:40:02:363] <20150> inipayhome:/Users/noggong/Documents/2.websource/10.hanwoo_mall/www_ng/mall_new/Provider/INIpay50
DEBUG	[2015-05-23 22:40:02:363] <20150> type:chkfake
DEBUG	[2015-05-23 22:40:02:363] <20150> debug:true
DEBUG	[2015-05-23 22:40:02:363] <20150> enctype:asym
DEBUG	[2015-05-23 22:40:02:363] <20150> admin:1111
DEBUG	[2015-05-23 22:40:02:363] <20150> checkopt:false
DEBUG	[2015-05-23 22:40:02:363] <20150> mid:ydghanwoo1
DEBUG	[2015-05-23 22:40:02:363] <20150> price:171500
DEBUG	[2015-05-23 22:40:02:363] <20150> nointerest:no
DEBUG	[2015-05-23 22:40:02:363] <20150> quotabase:선택:00:02:03:04:05:06:07:08:09:10:11:12
INFO	[2015-05-23 22:40:02:363] <20150> Check Field OK
INFO	[2015-05-23 22:40:02:364] <20150> MERCHANT PRIV KEY LOAD OK
INFO	[2015-05-23 22:40:02:364] <20150> MERCHANT PUB KEY LOAD OK []
INFO	[2015-05-23 22:40:02:365] <20150> CHKFAKE KEY MAKE OK:MjAxNTA1MjMyMjQwMDIzNjQ3NTk4OQ==

INFO	[2015-05-23 22:40:02:365] <20150> END chkfake  Laptime:[0.01sec]
INFO	[2015-05-23 22:40:02:366] <20150> ===============================================================
INFO	[2015-05-23 22:42:19:103] <20178> START INIPHP chkfake (V5034-120709)(OS:Darwin14.3.0,PHP:5.2.17)
DEBUG	[2015-05-23 22:42:19:103] <20178> inipayhome:/Users/noggong/Documents/2.websource/10.hanwoo_mall/www_ng/mall_new/Provider/INIpay50
DEBUG	[2015-05-23 22:42:19:103] <20178> type:chkfake
DEBUG	[2015-05-23 22:42:19:103] <20178> debug:true
DEBUG	[2015-05-23 22:42:19:103] <20178> enctype:asym
DEBUG	[2015-05-23 22:42:19:103] <20178> admin:1111
DEBUG	[2015-05-23 22:42:19:103] <20178> checkopt:false
DEBUG	[2015-05-23 22:42:19:103] <20178> mid:ydghanwoo1
DEBUG	[2015-05-23 22:42:19:103] <20178> price:11500
DEBUG	[2015-05-23 22:42:19:103] <20178> nointerest:no
DEBUG	[2015-05-23 22:42:19:103] <20178> quotabase:선택:00:02:03:04:05:06:07:08:09:10:11:12
INFO	[2015-05-23 22:42:19:103] <20178> Check Field OK
INFO	[2015-05-23 22:42:19:104] <20178> MERCHANT PRIV KEY LOAD OK
INFO	[2015-05-23 22:42:19:104] <20178> MERCHANT PUB KEY LOAD OK []
INFO	[2015-05-23 22:42:19:105] <20178> CHKFAKE KEY MAKE OK:MjAxNTA1MjMyMjQyMTkxMDQ3NjA4Ng==

INFO	[2015-05-23 22:42:19:105] <20178> END chkfake  Laptime:[0.01sec]
INFO	[2015-05-23 22:42:19:105] <20178> ===============================================================
INFO	[2015-05-23 22:46:19:618] <19812> START INIPHP chkfake (V5034-120709)(OS:Darwin14.3.0,PHP:5.2.17)
DEBUG	[2015-05-23 22:46:19:618] <19812> inipayhome:/Users/noggong/Documents/2.websource/10.hanwoo_mall/www_ng/mall_new/Provider/INIpay50
DEBUG	[2015-05-23 22:46:19:618] <19812> type:chkfake
DEBUG	[2015-05-23 22:46:19:618] <19812> debug:true
DEBUG	[2015-05-23 22:46:19:618] <19812> enctype:asym
DEBUG	[2015-05-23 22:46:19:618] <19812> admin:1111
DEBUG	[2015-05-23 22:46:19:618] <19812> checkopt:false
DEBUG	[2015-05-23 22:46:19:618] <19812> mid:ydghanwoo1
DEBUG	[2015-05-23 22:46:19:618] <19812> price:11500
DEBUG	[2015-05-23 22:46:19:618] <19812> nointerest:no
DEBUG	[2015-05-23 22:46:19:618] <19812> quotabase:선택:00:02:03:04:05:06:07:08:09:10:11:12
INFO	[2015-05-23 22:46:19:618] <19812> Check Field OK
INFO	[2015-05-23 22:46:19:620] <19812> MERCHANT PRIV KEY LOAD OK
INFO	[2015-05-23 22:46:19:621] <19812> MERCHANT PUB KEY LOAD OK []
INFO	[2015-05-23 22:46:19:623] <19812> CHKFAKE KEY MAKE OK:MjAxNTA1MjMyMjQ2MTk2MjI4NzUwNw==

INFO	[2015-05-23 22:46:19:623] <19812> END chkfake  Laptime:[0sec]
INFO	[2015-05-23 22:46:19:623] <19812> ===============================================================
INFO	[2015-05-23 22:47:30:217] <20242> START INIPHP chkfake (V5034-120709)(OS:Darwin14.3.0,PHP:5.2.17)
DEBUG	[2015-05-23 22:47:30:217] <20242> inipayhome:/Users/noggong/Documents/2.websource/10.hanwoo_mall/www_ng/mall_new/Provider/INIpay50
DEBUG	[2015-05-23 22:47:30:217] <20242> type:chkfake
DEBUG	[2015-05-23 22:47:30:217] <20242> debug:true
DEBUG	[2015-05-23 22:47:30:217] <20242> enctype:asym
DEBUG	[2015-05-23 22:47:30:217] <20242> admin:1111
DEBUG	[2015-05-23 22:47:30:217] <20242> checkopt:false
DEBUG	[2015-05-23 22:47:30:217] <20242> mid:ydghanwoo1
DEBUG	[2015-05-23 22:47:30:217] <20242> price:11500
DEBUG	[2015-05-23 22:47:30:217] <20242> nointerest:no
DEBUG	[2015-05-23 22:47:30:217] <20242> quotabase:선택:00:02:03:04:05:06:07:08:09:10:11:12
INFO	[2015-05-23 22:47:30:217] <20242> Check Field OK
INFO	[2015-05-23 22:47:30:218] <20242> MERCHANT PRIV KEY LOAD OK
INFO	[2015-05-23 22:47:30:220] <20242> MERCHANT PUB KEY LOAD OK []
INFO	[2015-05-23 22:47:30:222] <20242> CHKFAKE KEY MAKE OK:MjAxNTA1MjMyMjQ3MzAyMjE2NDE0NQ==

INFO	[2015-05-23 22:47:30:222] <20242> END chkfake  Laptime:[0sec]
INFO	[2015-05-23 22:47:30:222] <20242> ===============================================================
INFO	[2015-05-23 22:51:58:718] <20300> START INIPHP chkfake (V5034-120709)(OS:Darwin14.3.0,PHP:5.2.17)
DEBUG	[2015-05-23 22:51:58:719] <20300> inipayhome:/Users/noggong/Documents/2.websource/10.hanwoo_mall/www_ng/mall_new/Provider/INIpay50
DEBUG	[2015-05-23 22:51:58:719] <20300> type:chkfake
DEBUG	[2015-05-23 22:51:58:719] <20300> debug:true
DEBUG	[2015-05-23 22:51:58:719] <20300> enctype:asym
DEBUG	[2015-05-23 22:51:58:719] <20300> admin:1111
DEBUG	[2015-05-23 22:51:58:719] <20300> checkopt:false
DEBUG	[2015-05-23 22:51:58:719] <20300> mid:ydghanwoo1
DEBUG	[2015-05-23 22:51:58:719] <20300> price:11500
DEBUG	[2015-05-23 22:51:58:719] <20300> nointerest:no
DEBUG	[2015-05-23 22:51:58:719] <20300> quotabase:선택:00:02:03:04:05:06:07:08:09:10:11:12
INFO	[2015-05-23 22:51:58:719] <20300> Check Field OK
INFO	[2015-05-23 22:51:58:719] <20300> MERCHANT PRIV KEY LOAD OK
INFO	[2015-05-23 22:51:58:720] <20300> MERCHANT PUB KEY LOAD OK []
INFO	[2015-05-23 22:51:58:722] <20300> CHKFAKE KEY MAKE OK:MjAxNTA1MjMyMjUxNTg3MjEzNDkxNQ==

INFO	[2015-05-23 22:51:58:723] <20300> END chkfake  Laptime:[0sec]
INFO	[2015-05-23 22:51:58:723] <20300> ===============================================================
INFO	[2015-05-23 23:24:34:983] <20300> START INIPHP chkfake (V5034-120709)(OS:Darwin14.3.0,PHP:5.2.17)
DEBUG	[2015-05-23 23:24:34:984] <20300> inipayhome:/Users/noggong/Documents/2.websource/10.hanwoo_mall/www_ng/mall_new/Provider/INIpay50
DEBUG	[2015-05-23 23:24:34:984] <20300> type:chkfake
DEBUG	[2015-05-23 23:24:34:984] <20300> debug:true
DEBUG	[2015-05-23 23:24:34:984] <20300> enctype:asym
DEBUG	[2015-05-23 23:24:34:984] <20300> admin:1111
DEBUG	[2015-05-23 23:24:34:984] <20300> checkopt:false
DEBUG	[2015-05-23 23:24:34:984] <20300> mid:ydghanwoo1
DEBUG	[2015-05-23 23:24:34:984] <20300> price:11500
DEBUG	[2015-05-23 23:24:34:984] <20300> nointerest:no
DEBUG	[2015-05-23 23:24:34:984] <20300> quotabase:선택:00:02:03:04:05:06:07:08:09:10:11:12
INFO	[2015-05-23 23:24:34:984] <20300> Check Field OK
INFO	[2015-05-23 23:24:34:984] <20300> MERCHANT PRIV KEY LOAD OK
INFO	[2015-05-23 23:24:34:985] <20300> MERCHANT PUB KEY LOAD OK []
INFO	[2015-05-23 23:24:34:987] <20300> CHKFAKE KEY MAKE OK:MjAxNTA1MjMyMzI0MzQ5ODU0OTA4NA==

INFO	[2015-05-23 23:24:34:987] <20300> END chkfake  Laptime:[0.01sec]
INFO	[2015-05-23 23:24:34:987] <20300> ===============================================================
INFO	[2015-05-23 23:24:42:527] <20324> START INIPHP chkfake (V5034-120709)(OS:Darwin14.3.0,PHP:5.2.17)
DEBUG	[2015-05-23 23:24:42:527] <20324> inipayhome:/Users/noggong/Documents/2.websource/10.hanwoo_mall/www_ng/mall_new/Provider/INIpay50
DEBUG	[2015-05-23 23:24:42:527] <20324> type:chkfake
DEBUG	[2015-05-23 23:24:42:527] <20324> debug:true
DEBUG	[2015-05-23 23:24:42:527] <20324> enctype:asym
DEBUG	[2015-05-23 23:24:42:527] <20324> admin:1111
DEBUG	[2015-05-23 23:24:42:527] <20324> checkopt:false
DEBUG	[2015-05-23 23:24:42:527] <20324> mid:ydghanwoo1
DEBUG	[2015-05-23 23:24:42:527] <20324> price:11500
DEBUG	[2015-05-23 23:24:42:527] <20324> nointerest:no
DEBUG	[2015-05-23 23:24:42:527] <20324> quotabase:선택:00:02:03:04:05:06:07:08:09:10:11:12
INFO	[2015-05-23 23:24:42:528] <20324> Check Field OK
INFO	[2015-05-23 23:24:42:529] <20324> MERCHANT PRIV KEY LOAD OK
INFO	[2015-05-23 23:24:42:530] <20324> MERCHANT PUB KEY LOAD OK []
INFO	[2015-05-23 23:24:42:532] <20324> CHKFAKE KEY MAKE OK:MjAxNTA1MjMyMzI0NDI1MzE4ODc4MA==

INFO	[2015-05-23 23:24:42:533] <20324> END chkfake  Laptime:[0sec]
INFO	[2015-05-23 23:24:42:533] <20324> ===============================================================
INFO	[2015-05-23 23:24:59:55] <20371> START INIPHP chkfake (V5034-120709)(OS:Darwin14.3.0,PHP:5.2.17)
DEBUG	[2015-05-23 23:24:59:56] <20371> inipayhome:/Users/noggong/Documents/2.websource/10.hanwoo_mall/www_ng/mall_new/Provider/INIpay50
DEBUG	[2015-05-23 23:24:59:56] <20371> type:chkfake
DEBUG	[2015-05-23 23:24:59:56] <20371> debug:true
DEBUG	[2015-05-23 23:24:59:56] <20371> enctype:asym
DEBUG	[2015-05-23 23:24:59:56] <20371> admin:1111
DEBUG	[2015-05-23 23:24:59:56] <20371> checkopt:false
DEBUG	[2015-05-23 23:24:59:56] <20371> mid:ydghanwoo1
DEBUG	[2015-05-23 23:24:59:56] <20371> price:11500
DEBUG	[2015-05-23 23:24:59:56] <20371> nointerest:no
DEBUG	[2015-05-23 23:24:59:56] <20371> quotabase:선택:00:02:03:04:05:06:07:08:09:10:11:12
INFO	[2015-05-23 23:24:59:56] <20371> Check Field OK
INFO	[2015-05-23 23:24:59:56] <20371> MERCHANT PRIV KEY LOAD OK
INFO	[2015-05-23 23:24:59:56] <20371> MERCHANT PUB KEY LOAD OK []
INFO	[2015-05-23 23:24:59:58] <20371> CHKFAKE KEY MAKE OK:MjAxNTA1MjMyMzI0NTkwNTc3MjI3Nw==

INFO	[2015-05-23 23:24:59:58] <20371> END chkfake  Laptime:[0sec]
INFO	[2015-05-23 23:24:59:58] <20371> ===============================================================
INFO	[2015-05-23 23:25:31:769] <20325> START INIPHP chkfake (V5034-120709)(OS:Darwin14.3.0,PHP:5.2.17)
DEBUG	[2015-05-23 23:25:31:769] <20325> inipayhome:/Users/noggong/Documents/2.websource/10.hanwoo_mall/www_ng/mall_new/Provider/INIpay50
DEBUG	[2015-05-23 23:25:31:769] <20325> type:chkfake
DEBUG	[2015-05-23 23:25:31:769] <20325> debug:true
DEBUG	[2015-05-23 23:25:31:769] <20325> enctype:asym
DEBUG	[2015-05-23 23:25:31:769] <20325> admin:1111
DEBUG	[2015-05-23 23:25:31:769] <20325> checkopt:false
DEBUG	[2015-05-23 23:25:31:769] <20325> mid:ydghanwoo1
DEBUG	[2015-05-23 23:25:31:769] <20325> price:11500
DEBUG	[2015-05-23 23:25:31:769] <20325> nointerest:no
DEBUG	[2015-05-23 23:25:31:769] <20325> quotabase:선택:00:02:03:04:05:06:07:08:09:10:11:12
INFO	[2015-05-23 23:25:31:769] <20325> Check Field OK
INFO	[2015-05-23 23:25:31:770] <20325> MERCHANT PRIV KEY LOAD OK
INFO	[2015-05-23 23:25:31:770] <20325> MERCHANT PUB KEY LOAD OK []
INFO	[2015-05-23 23:25:31:771] <20325> CHKFAKE KEY MAKE OK:MjAxNTA1MjMyMzI1MzE3NzA4MzQ2OQ==

INFO	[2015-05-23 23:25:31:771] <20325> END chkfake  Laptime:[0sec]
INFO	[2015-05-23 23:25:31:771] <20325> ===============================================================
INFO	[2015-05-23 23:25:48:98] <20312> START INIPHP chkfake (V5034-120709)(OS:Darwin14.3.0,PHP:5.2.17)
DEBUG	[2015-05-23 23:25:48:98] <20312> inipayhome:/Users/noggong/Documents/2.websource/10.hanwoo_mall/www_ng/mall_new/Provider/INIpay50
DEBUG	[2015-05-23 23:25:48:98] <20312> type:chkfake
DEBUG	[2015-05-23 23:25:48:98] <20312> debug:true
DEBUG	[2015-05-23 23:25:48:98] <20312> enctype:asym
DEBUG	[2015-05-23 23:25:48:98] <20312> admin:1111
DEBUG	[2015-05-23 23:25:48:98] <20312> checkopt:false
DEBUG	[2015-05-23 23:25:48:98] <20312> mid:ydghanwoo1
DEBUG	[2015-05-23 23:25:48:98] <20312> price:11500
DEBUG	[2015-05-23 23:25:48:98] <20312> nointerest:no
DEBUG	[2015-05-23 23:25:48:98] <20312> quotabase:선택:00:02:03:04:05:06:07:08:09:10:11:12
INFO	[2015-05-23 23:25:48:98] <20312> Check Field OK
INFO	[2015-05-23 23:25:48:100] <20312> MERCHANT PRIV KEY LOAD OK
INFO	[2015-05-23 23:25:48:101] <20312> MERCHANT PUB KEY LOAD OK []
INFO	[2015-05-23 23:25:48:103] <20312> CHKFAKE KEY MAKE OK:MjAxNTA1MjMyMzI1NDgxMDI2NTkyOA==

INFO	[2015-05-23 23:25:48:104] <20312> END chkfake  Laptime:[0sec]
INFO	[2015-05-23 23:25:48:104] <20312> ===============================================================
INFO	[2015-05-23 23:32:38:432] <20312> START INIPHP chkfake (V5034-120709)(OS:Darwin14.3.0,PHP:5.2.17)
DEBUG	[2015-05-23 23:32:38:432] <20312> inipayhome:/Users/noggong/Documents/2.websource/10.hanwoo_mall/www_ng/mall_new/Provider/INIpay50
DEBUG	[2015-05-23 23:32:38:432] <20312> type:chkfake
DEBUG	[2015-05-23 23:32:38:432] <20312> debug:true
DEBUG	[2015-05-23 23:32:38:432] <20312> enctype:asym
DEBUG	[2015-05-23 23:32:38:432] <20312> admin:1111
DEBUG	[2015-05-23 23:32:38:432] <20312> checkopt:false
DEBUG	[2015-05-23 23:32:38:432] <20312> mid:ydghanwoo1
DEBUG	[2015-05-23 23:32:38:432] <20312> price:11500
DEBUG	[2015-05-23 23:32:38:432] <20312> nointerest:no
DEBUG	[2015-05-23 23:32:38:432] <20312> quotabase:선택:00:02:03:04:05:06:07:08:09:10:11:12
INFO	[2015-05-23 23:32:38:432] <20312> Check Field OK
INFO	[2015-05-23 23:32:38:432] <20312> MERCHANT PRIV KEY LOAD OK
INFO	[2015-05-23 23:32:38:432] <20312> MERCHANT PUB KEY LOAD OK []
INFO	[2015-05-23 23:32:38:434] <20312> CHKFAKE KEY MAKE OK:MjAxNTA1MjMyMzMyMzg0MzIzODgzNg==

INFO	[2015-05-23 23:32:38:434] <20312> END chkfake  Laptime:[0sec]
INFO	[2015-05-23 23:32:38:434] <20312> ===============================================================
